[1/531] Building ASM object crypto/CMakeFiles/crypto_obj.dir/bn/mont5-elf-x86_64.S.o
[2/531] Building ASM object crypto/CMakeFiles/crypto_obj.dir/bn/modexp512-elf-x86_64.S.o
[3/531] Building ASM object crypto/CMakeFiles/crypto_obj.dir/bn/mont-elf-x86_64.S.o
[4/531] Building C object crypto/CMakeFiles/crypto_obj.dir/sha/sha512_amd64.c.o
[5/531] Building ASM object crypto/CMakeFiles/crypto_obj.dir/aes/aesni-elf-x86_64.S.o
[6/531] Building ASM object crypto/CMakeFiles/crypto_obj.dir/bn/arch/amd64/bignum_add.S.o
[7/531] Building C object crypto/CMakeFiles/compat_obj.dir/empty.c.o
[8/531] Building C object crypto/CMakeFiles/compat_obj.dir/compat/getprogname_linux.c.o
[9/531] Building C object crypto/CMakeFiles/compat_obj.dir/compat/timingsafe_bcmp.c.o
[10/531] Building C object crypto/CMakeFiles/crypto_obj.dir/modes/gcm128_amd64.c.o
[11/531] Building C object crypto/CMakeFiles/crypto_obj.dir/sha/sha1_amd64.c.o
[12/531] Building C object crypto/CMakeFiles/crypto_obj.dir/sha/sha256_amd64.c.o
[13/531] Building ASM object crypto/CMakeFiles/crypto_obj.dir/aes/aes-elf-x86_64.S.o
[14/531] Building ASM object crypto/CMakeFiles/crypto_obj.dir/rc4/rc4-elf-x86_64.S.o
[15/531] Building C object crypto/CMakeFiles/compat_obj.dir/compat/syslog_r.c.o
[16/531] Building ASM object crypto/CMakeFiles/crypto_obj.dir/modes/ghash-elf-x86_64.S.o
[17/531] Building C object crypto/CMakeFiles/compat_obj.dir/compat/freezero.c.o
[18/531] Building C object crypto/CMakeFiles/compat_obj.dir/compat/timingsafe_memcmp.c.o
[19/531] Building C object crypto/CMakeFiles/compat_obj.dir/compat/recallocarray.c.o
[20/531] Building C object crypto/CMakeFiles/compat_obj.dir/compat/strtonum.c.o
[21/531] Building C object crypto/CMakeFiles/crypto_obj.dir/aes/aes_amd64.c.o
[22/531] Building ASM object crypto/CMakeFiles/crypto_obj.dir/bn/arch/amd64/bignum_cmul.S.o
[23/531] Building ASM object crypto/CMakeFiles/crypto_obj.dir/bn/arch/amd64/bignum_cmadd.S.o
[24/531] Building ASM object crypto/CMakeFiles/crypto_obj.dir/bn/arch/amd64/bignum_modadd.S.o
[25/531] Building ASM object crypto/CMakeFiles/crypto_obj.dir/bn/arch/amd64/bignum_modsub.S.o
[26/531] Building ASM object crypto/CMakeFiles/crypto_obj.dir/bn/arch/amd64/bignum_mul_4_8_alt.S.o
[27/531] Building ASM object crypto/CMakeFiles/crypto_obj.dir/bn/arch/amd64/bignum_mul_6_12_alt.S.o
[28/531] Building ASM object crypto/CMakeFiles/crypto_obj.dir/bn/arch/amd64/bignum_mul_4_8.S.o
[29/531] Building ASM object crypto/CMakeFiles/crypto_obj.dir/bn/arch/amd64/bignum_mul.S.o
[30/531] Building ASM object crypto/CMakeFiles/crypto_obj.dir/bn/arch/amd64/bignum_mul_6_12.S.o
[31/531] Building ASM object crypto/CMakeFiles/crypto_obj.dir/bn/arch/amd64/bignum_mul_8_16_alt.S.o
[32/531] Building ASM object crypto/CMakeFiles/crypto_obj.dir/bn/arch/amd64/bignum_mul_8_16.S.o
[33/531] Building ASM object crypto/CMakeFiles/crypto_obj.dir/bn/arch/amd64/bignum_sqr_4_8.S.o
[34/531] Building ASM object crypto/CMakeFiles/crypto_obj.dir/bn/arch/amd64/bignum_sqr_6_12.S.o
[35/531] Building ASM object crypto/CMakeFiles/crypto_obj.dir/bn/arch/amd64/bignum_sqr_8_16.S.o
[36/531] Building ASM object crypto/CMakeFiles/crypto_obj.dir/bn/arch/amd64/bignum_sqr.S.o
[37/531] Building ASM object crypto/CMakeFiles/crypto_obj.dir/bn/arch/amd64/bignum_sqr_4_8_alt.S.o
[38/531] Building ASM object crypto/CMakeFiles/crypto_obj.dir/bn/arch/amd64/bignum_sqr_6_12_alt.S.o
[39/531] Building ASM object crypto/CMakeFiles/crypto_obj.dir/bn/arch/amd64/bignum_sqr_8_16_alt.S.o
[40/531] Building ASM object crypto/CMakeFiles/crypto_obj.dir/bn/arch/amd64/word_clz.S.o
[41/531] Building ASM object crypto/CMakeFiles/crypto_obj.dir/bn/arch/amd64/bignum_sub.S.o
[42/531] Building ASM object crypto/CMakeFiles/crypto_obj.dir/sha/sha1_amd64_shani.S.o
[43/531] Building ASM object crypto/CMakeFiles/crypto_obj.dir/sha/sha256_amd64_generic.S.o
[44/531] Building ASM object crypto/CMakeFiles/crypto_obj.dir/sha/sha256_amd64_shani.S.o
[45/531] Building C object crypto/CMakeFiles/crypto_obj.dir/bn/arch/amd64/bn_arch.c.o
[46/531] Building ASM object crypto/CMakeFiles/crypto_obj.dir/sha/sha1_amd64_generic.S.o
[47/531] Building ASM object crypto/CMakeFiles/crypto_obj.dir/sha/sha512_amd64_generic.S.o
[48/531] Building C object crypto/CMakeFiles/crypto_obj.dir/crypto_memory.c.o
[49/531] Building C object crypto/CMakeFiles/crypto_obj.dir/aes/aes_core.c.o
[50/531] Building C object crypto/CMakeFiles/crypto_obj.dir/crypto_err.c.o
[51/531] Building C object crypto/CMakeFiles/crypto_obj.dir/arch/amd64/crypto_cpu_caps.c.o
[52/531] Building C object crypto/CMakeFiles/crypto_obj.dir/asn1/a_octet.c.o
[53/531] Building C object crypto/CMakeFiles/crypto_obj.dir/asn1/a_print.c.o
[54/531] Building C object crypto/CMakeFiles/crypto_obj.dir/asn1/a_time.c.o
[55/531] Building C object crypto/CMakeFiles/crypto_obj.dir/asn1/a_mbstr.c.o
[56/531] Building C object crypto/CMakeFiles/crypto_obj.dir/asn1/a_pkey.c.o
[57/531] Building C object crypto/CMakeFiles/crypto_obj.dir/crypto_ex_data.c.o
[58/531] Building C object crypto/CMakeFiles/crypto_obj.dir/asn1/a_pubkey.c.o
[59/531] Building C object crypto/CMakeFiles/crypto_obj.dir/crypto_legacy.c.o
[60/531] Building C object crypto/CMakeFiles/crypto_obj.dir/asn1/a_bitstr.c.o
[61/531] Building C object crypto/CMakeFiles/crypto_obj.dir/asn1/a_utf8.c.o
[62/531] Building C object crypto/CMakeFiles/crypto_obj.dir/asn1/a_string.c.o
[63/531] Building C object crypto/CMakeFiles/crypto_obj.dir/asn1/a_enum.c.o
[64/531] Building C object crypto/CMakeFiles/crypto_obj.dir/crypto_init.c.o
[65/531] Building C object crypto/CMakeFiles/crypto_obj.dir/asn1/asn1_err.c.o
[66/531] Building C object crypto/CMakeFiles/crypto_obj.dir/aes/aes.c.o
[67/531] Building C object crypto/CMakeFiles/crypto_obj.dir/asn1/a_time_posix.c.o
[68/531] Building C object crypto/CMakeFiles/crypto_obj.dir/asn1/asn1_types.c.o
[69/531] Building C object crypto/CMakeFiles/crypto_obj.dir/asn1/asn1_lib.c.o
[70/531] Building C object crypto/CMakeFiles/crypto_obj.dir/asn1/a_type.c.o
[71/531] Building C object crypto/CMakeFiles/crypto_obj.dir/asn1/a_int.c.o
[72/531] Building C object crypto/CMakeFiles/crypto_obj.dir/asn1/a_strnid.c.o
[73/531] Building C object crypto/CMakeFiles/crypto_obj.dir/asn1/a_object.c.o
[74/531] Building C object crypto/CMakeFiles/crypto_obj.dir/asn1/a_strex.c.o
[75/531] Building C object crypto/CMakeFiles/crypto_obj.dir/asn1/bio_ndef.c.o
[76/531] Building C object crypto/CMakeFiles/crypto_obj.dir/asn1/asn1_old.c.o
[77/531] Building C object crypto/CMakeFiles/crypto_obj.dir/asn1/asn1_old_lib.c.o
[78/531] Building C object crypto/CMakeFiles/crypto_obj.dir/asn1/a_time_tm.c.o
[79/531] Building C object crypto/CMakeFiles/crypto_obj.dir/asn1/bio_asn1.c.o
[80/531] Building C object crypto/CMakeFiles/crypto_obj.dir/asn1/asn1_par.c.o
[81/531] Building C object crypto/CMakeFiles/crypto_obj.dir/asn1/t_spki.c.o
[82/531] Building C object crypto/CMakeFiles/crypto_obj.dir/asn1/t_crl.c.o
[83/531] Building C object crypto/CMakeFiles/crypto_obj.dir/asn1/asn_moid.c.o
[84/531] Building C object crypto/CMakeFiles/crypto_obj.dir/asn1/asn1_gen.c.o
[85/531] Building C object crypto/CMakeFiles/crypto_obj.dir/asn1/p5_pbev2.c.o
[86/531] Building C object crypto/CMakeFiles/crypto_obj.dir/asn1/p5_pbe.c.o
[87/531] Building C object crypto/CMakeFiles/crypto_obj.dir/asn1/asn1_item.c.o
[88/531] Building C object crypto/CMakeFiles/crypto_obj.dir/asn1/p8_pkey.c.o
[89/531] Building C object crypto/CMakeFiles/crypto_obj.dir/asn1/t_x509a.c.o
[90/531] Building C object crypto/CMakeFiles/crypto_obj.dir/asn1/t_req.c.o
[91/531] Building C object crypto/CMakeFiles/crypto_obj.dir/asn1/t_x509.c.o
[92/531] Building C object crypto/CMakeFiles/crypto_obj.dir/asn1/x_bignum.c.o
[93/531] Building C object crypto/CMakeFiles/crypto_obj.dir/asn1/x_long.c.o
[94/531] Building C object crypto/CMakeFiles/crypto_obj.dir/asn1/x_exten.c.o
[95/531] Building C object crypto/CMakeFiles/crypto_obj.dir/asn1/tasn_prn.c.o
[96/531] Building C object crypto/CMakeFiles/crypto_obj.dir/asn1/tasn_enc.c.o
[97/531] Building C object crypto/CMakeFiles/crypto_obj.dir/asn1/tasn_typ.c.o
[98/531] Building C object crypto/CMakeFiles/crypto_obj.dir/asn1/x_req.c.o
[99/531] Building C object crypto/CMakeFiles/crypto_obj.dir/asn1/tasn_fre.c.o
[100/531] Building C object crypto/CMakeFiles/crypto_obj.dir/asn1/x_algor.c.o
[101/531] Building C object crypto/CMakeFiles/crypto_obj.dir/asn1/asn_mime.c.o
[102/531] Building C object crypto/CMakeFiles/crypto_obj.dir/asn1/x_attrib.c.o
[103/531] Building C object crypto/CMakeFiles/crypto_obj.dir/asn1/tasn_utl.c.o
[104/531] Building C object crypto/CMakeFiles/crypto_obj.dir/asn1/x_pubkey.c.o
[105/531] Building C object crypto/CMakeFiles/crypto_obj.dir/asn1/x_spki.c.o
[106/531] Building C object crypto/CMakeFiles/crypto_obj.dir/bio/b_print.c.o
[107/531] Building C object crypto/CMakeFiles/crypto_obj.dir/asn1/tasn_new.c.o
[108/531] Building C object crypto/CMakeFiles/crypto_obj.dir/asn1/x_val.c.o
[109/531] Building C object crypto/CMakeFiles/crypto_obj.dir/asn1/x_x509.c.o
[110/531] Building C object crypto/CMakeFiles/crypto_obj.dir/asn1/tasn_dec.c.o
[111/531] Building C object crypto/CMakeFiles/crypto_obj.dir/asn1/x_x509a.c.o
[112/531] Building C object crypto/CMakeFiles/crypto_obj.dir/bio/b_dump.c.o
[113/531] Building C object crypto/CMakeFiles/crypto_obj.dir/bio/b_sock.c.o
[114/531] Building C object crypto/CMakeFiles/crypto_obj.dir/asn1/x_crl.c.o
[115/531] Building C object crypto/CMakeFiles/crypto_obj.dir/asn1/x_sig.c.o
[116/531] Building C object crypto/CMakeFiles/crypto_obj.dir/bio/bf_nbio.c.o
[117/531] Building C object crypto/CMakeFiles/crypto_obj.dir/bio/bio_err.c.o
[118/531] Building C object crypto/CMakeFiles/crypto_obj.dir/bio/bf_buff.c.o
[119/531] Building C object crypto/CMakeFiles/crypto_obj.dir/bio/bio_meth.c.o
[120/531] Building C object crypto/CMakeFiles/crypto_obj.dir/bio/bio_cb.c.o
[121/531] Building C object crypto/CMakeFiles/crypto_obj.dir/bio/bf_null.c.o
[122/531] Building C object crypto/CMakeFiles/crypto_obj.dir/bio/bss_null.c.o
[123/531] Building C object crypto/CMakeFiles/crypto_obj.dir/bio/bss_bio.c.o
[124/531] Building C object crypto/CMakeFiles/crypto_obj.dir/bio/bss_mem.c.o
[125/531] Building C object crypto/CMakeFiles/crypto_obj.dir/asn1/x_name.c.o
[126/531] Building C object crypto/CMakeFiles/crypto_obj.dir/bio/bss_file.c.o
[127/531] Building C object crypto/CMakeFiles/crypto_obj.dir/bn/bn_err.c.o
[128/531] Building C object crypto/CMakeFiles/crypto_obj.dir/bn/bn_add_sub.c.o
[129/531] Building C object crypto/CMakeFiles/crypto_obj.dir/bio/bss_sock.c.o
[130/531] Building C object crypto/CMakeFiles/crypto_obj.dir/bio/bss_acpt.c.o
[131/531] Building C object crypto/CMakeFiles/crypto_obj.dir/bio/bss_conn.c.o
[132/531] Building C object crypto/CMakeFiles/crypto_obj.dir/bn/bn_const.c.o
[133/531] Building C object crypto/CMakeFiles/crypto_obj.dir/bio/bss_dgram.c.o
[134/531] Building C object crypto/CMakeFiles/crypto_obj.dir/bn/bn_bpsw.c.o
[135/531] Building C object crypto/CMakeFiles/crypto_obj.dir/bn/bn_kron.c.o
[136/531] Building C object crypto/CMakeFiles/crypto_obj.dir/bio/bio_lib.c.o
[137/531] Building C object crypto/CMakeFiles/crypto_obj.dir/bn/bn_div.c.o
[138/531] Building C object crypto/CMakeFiles/crypto_obj.dir/bn/bn_isqrt.c.o
[139/531] Building C object crypto/CMakeFiles/crypto_obj.dir/bn/bn_mul.c.o
[140/531] Building C object crypto/CMakeFiles/crypto_obj.dir/bn/bn_convert.c.o
[141/531] Building C object crypto/CMakeFiles/crypto_obj.dir/bn/bn_ctx.c.o
[142/531] Building C object crypto/CMakeFiles/crypto_obj.dir/bn/bn_mod_words.c.o
[143/531] Building C object crypto/CMakeFiles/crypto_obj.dir/bio/bss_fd.c.o
[144/531] Building C object crypto/CMakeFiles/crypto_obj.dir/bn/bn_print.c.o
[145/531] Building C object crypto/CMakeFiles/crypto_obj.dir/bn/bn_add.c.o
[146/531] Building C object crypto/CMakeFiles/crypto_obj.dir/bn/bn_mod_sqrt.c.o
[147/531] Building C object crypto/CMakeFiles/crypto_obj.dir/bn/bn_mod.c.o
[148/531] Building C object crypto/CMakeFiles/crypto_obj.dir/bn/bn_primitives.c.o
[149/531] Building C object crypto/CMakeFiles/crypto_obj.dir/bn/bn_gcd.c.o
[150/531] Building C object crypto/CMakeFiles/crypto_obj.dir/bn/bn_prime.c.o
[151/531] Building C object crypto/CMakeFiles/crypto_obj.dir/bn/bn_small_primes.c.o
[152/531] Building C object crypto/CMakeFiles/crypto_obj.dir/bn/bn_rand.c.o
[153/531] Building C object crypto/CMakeFiles/crypto_obj.dir/bn/bn_sqr.c.o
[154/531] Building C object crypto/CMakeFiles/crypto_obj.dir/bn/bn_shift.c.o
[155/531] Building C object crypto/CMakeFiles/crypto_obj.dir/bn/bn_recp.c.o
[156/531] Building C object crypto/CMakeFiles/crypto_obj.dir/bytestring/bs_ber.c.o
[157/531] Building C object crypto/CMakeFiles/crypto_obj.dir/bf/blowfish.c.o
[158/531] Building C object crypto/CMakeFiles/crypto_obj.dir/bn/bn_word.c.o
[159/531] Building C object crypto/CMakeFiles/crypto_obj.dir/buffer/buf_err.c.o
[160/531] Building C object crypto/CMakeFiles/crypto_obj.dir/bn/bn_mont.c.o
[161/531] Building C object crypto/CMakeFiles/crypto_obj.dir/buffer/buffer.c.o
[162/531] Building C object crypto/CMakeFiles/crypto_obj.dir/bn/bn_exp.c.o
[163/531] Building C object crypto/CMakeFiles/crypto_obj.dir/cmac/cmac.c.o
[164/531] Building C object crypto/CMakeFiles/crypto_obj.dir/cmac/cm_ameth.c.o
[165/531] Building C object crypto/CMakeFiles/crypto_obj.dir/bn/bn_lib.c.o
[166/531] Building C object crypto/CMakeFiles/crypto_obj.dir/bytestring/bs_cbs.c.o
[167/531] Building C object crypto/CMakeFiles/crypto_obj.dir/bytestring/bs_cbb.c.o
[168/531] Building C object crypto/CMakeFiles/crypto_obj.dir/cmac/cm_pmeth.c.o
[169/531] Building C object crypto/CMakeFiles/crypto_obj.dir/cms/cms_att.c.o
[170/531] Building C object crypto/CMakeFiles/crypto_obj.dir/cms/cms_dd.c.o
[171/531] Building C object crypto/CMakeFiles/crypto_obj.dir/cms/cms_err.c.o
[172/531] Building C object crypto/CMakeFiles/crypto_obj.dir/cms/cms_asn1.c.o
[173/531] Building C object crypto/CMakeFiles/crypto_obj.dir/conf/conf_err.c.o
[174/531] Building C object crypto/CMakeFiles/crypto_obj.dir/chacha/chacha.c.o
[175/531] Building C object crypto/CMakeFiles/crypto_obj.dir/cms/cms_ess.c.o
[176/531] Building C object crypto/CMakeFiles/crypto_obj.dir/conf/conf_api.c.o
[177/531] Building C object crypto/CMakeFiles/crypto_obj.dir/cms/cms_io.c.o
[178/531] Building C object crypto/CMakeFiles/crypto_obj.dir/cms/cms_enc.c.o
[179/531] Building C object crypto/CMakeFiles/crypto_obj.dir/cms/cms_smime.c.o
[180/531] Building C object crypto/CMakeFiles/crypto_obj.dir/ct/ct_err.c.o
[181/531] Building C object crypto/CMakeFiles/crypto_obj.dir/cms/cms_lib.c.o
[182/531] Building C object crypto/CMakeFiles/crypto_obj.dir/ct/ct_b64.c.o
[183/531] Building C object crypto/CMakeFiles/crypto_obj.dir/ct/ct_policy.c.o
[184/531] Building C object crypto/CMakeFiles/crypto_obj.dir/curve25519/curve25519-generic.c.o
[185/531] Building C object crypto/CMakeFiles/crypto_obj.dir/conf/conf_sap.c.o
[186/531] Building C object crypto/CMakeFiles/crypto_obj.dir/ct/ct_log.c.o
[187/531] Building C object crypto/CMakeFiles/crypto_obj.dir/conf/conf_mod.c.o
[188/531] Building C object crypto/CMakeFiles/crypto_obj.dir/conf/conf_lib.c.o
[189/531] Building C object crypto/CMakeFiles/crypto_obj.dir/ct/ct_prn.c.o
[190/531] Building C object crypto/CMakeFiles/crypto_obj.dir/cms/cms_env.c.o
[191/531] Building C object crypto/CMakeFiles/crypto_obj.dir/ct/ct_vfy.c.o
[192/531] Building C object crypto/CMakeFiles/crypto_obj.dir/ct/ct_sct_ctx.c.o
[193/531] Building C object crypto/CMakeFiles/crypto_obj.dir/camellia/camellia.c.o
[194/531] Building C object crypto/CMakeFiles/crypto_obj.dir/ct/ct_x509v3.c.o
[195/531] Building C object crypto/CMakeFiles/crypto_obj.dir/des/des_cksum.c.o
[196/531] Building C object crypto/CMakeFiles/crypto_obj.dir/ct/ct_oct.c.o
[197/531] Building C object crypto/CMakeFiles/crypto_obj.dir/cms/cms_sd.c.o
[198/531] Building C object crypto/CMakeFiles/crypto_obj.dir/dh/dh_err.c.o
[199/531] Building C object crypto/CMakeFiles/crypto_obj.dir/des/des_fcrypt.c.o
[200/531] Building C object crypto/CMakeFiles/crypto_obj.dir/dh/dh_asn1.c.o
[201/531] Building C object crypto/CMakeFiles/crypto_obj.dir/conf/conf_def.c.o
[202/531] Building C object crypto/CMakeFiles/crypto_obj.dir/ct/ct_sct.c.o
[203/531] Building C object crypto/CMakeFiles/crypto_obj.dir/dh/dh_check.c.o
[204/531] Building C object crypto/CMakeFiles/crypto_obj.dir/cms/cms_pwri.c.o
[205/531] Building C object crypto/CMakeFiles/crypto_obj.dir/cast/cast.c.o
[206/531] Building C object crypto/CMakeFiles/crypto_obj.dir/cms/cms_kari.c.o
[207/531] Building C object crypto/CMakeFiles/crypto_obj.dir/dh/dh_ameth.c.o
[208/531] Building C object crypto/CMakeFiles/crypto_obj.dir/dh/dh_gen.c.o
[209/531] Building C object crypto/CMakeFiles/crypto_obj.dir/dsa/dsa_err.c.o
[210/531] Building C object crypto/CMakeFiles/crypto_obj.dir/dh/dh_key.c.o
[211/531] Building C object crypto/CMakeFiles/crypto_obj.dir/dsa/dsa_key.c.o
[212/531] Building C object crypto/CMakeFiles/crypto_obj.dir/des/des_key.c.o
[213/531] Building C object crypto/CMakeFiles/crypto_obj.dir/dsa/dsa_prn.c.o
[214/531] Building C object crypto/CMakeFiles/crypto_obj.dir/dsa/dsa_meth.c.o
[215/531] Building C object crypto/CMakeFiles/crypto_obj.dir/dsa/dsa_asn1.c.o
[216/531] Building C object crypto/CMakeFiles/crypto_obj.dir/dsa/dsa_ossl.c.o
[217/531] Building C object crypto/CMakeFiles/crypto_obj.dir/dsa/dsa_gen.c.o
[218/531] Building C object crypto/CMakeFiles/crypto_obj.dir/dsa/dsa_lib.c.o
[219/531] Building C object crypto/CMakeFiles/crypto_obj.dir/ec/ec_err.c.o
[220/531] Building C object crypto/CMakeFiles/crypto_obj.dir/des/des_enc.c.o
[221/531] Building C object crypto/CMakeFiles/crypto_obj.dir/dh/dh_lib.c.o
[222/531] Building C object crypto/CMakeFiles/crypto_obj.dir/dsa/dsa_ameth.c.o
[223/531] Building C object crypto/CMakeFiles/crypto_obj.dir/dh/dh_pmeth.c.o
[224/531] Building C object crypto/CMakeFiles/crypto_obj.dir/dsa/dsa_pmeth.c.o
[225/531] Building C object crypto/CMakeFiles/crypto_obj.dir/ec/eck_prn.c.o
[226/531] Building C object crypto/CMakeFiles/crypto_obj.dir/ec/ec_convert.c.o
[227/531] Building C object crypto/CMakeFiles/crypto_obj.dir/ecdh/ecdh.c.o
[228/531] Building C object crypto/CMakeFiles/crypto_obj.dir/ec/ec_curve.c.o
[229/531] Building C object crypto/CMakeFiles/crypto_obj.dir/ec/ec_ameth.c.o
[230/531] Building C object crypto/CMakeFiles/crypto_obj.dir/engine/engine_stubs.c.o
[231/531] Building C object crypto/CMakeFiles/crypto_obj.dir/curve25519/curve25519.c.o
[232/531] Building C object crypto/CMakeFiles/crypto_obj.dir/err/err_prn.c.o
[233/531] Building C object crypto/CMakeFiles/crypto_obj.dir/ec/ec_asn1.c.o
[234/531] Building C object crypto/CMakeFiles/crypto_obj.dir/des/des.c.o
[235/531] Building C object crypto/CMakeFiles/crypto_obj.dir/ec/ec_pmeth.c.o
[236/531] Building C object crypto/CMakeFiles/crypto_obj.dir/ec/ecp_hp_methods.c.o
[237/531] Building C object crypto/CMakeFiles/crypto_obj.dir/evp/bio_md.c.o
[238/531] Building C object crypto/CMakeFiles/crypto_obj.dir/ec/ec_key.c.o
[239/531] Building C object crypto/CMakeFiles/crypto_obj.dir/ec/ec_field.c.o
[240/531] Building C object crypto/CMakeFiles/crypto_obj.dir/err/err_all.c.o
[241/531] Building C object crypto/CMakeFiles/crypto_obj.dir/ec/ec_mult.c.o
[242/531] Building C object crypto/CMakeFiles/crypto_obj.dir/ec/ecp_methods.c.o
[243/531] Building C object crypto/CMakeFiles/crypto_obj.dir/ec/ec_lib.c.o
[244/531] Building C object crypto/CMakeFiles/crypto_obj.dir/evp/e_bf.c.o
[245/531] Building C object crypto/CMakeFiles/crypto_obj.dir/ecdsa/ecdsa.c.o
[246/531] Building C object crypto/CMakeFiles/crypto_obj.dir/evp/e_chacha.c.o
[247/531] Building C object crypto/CMakeFiles/crypto_obj.dir/evp/e_cast.c.o
[248/531] Building C object crypto/CMakeFiles/crypto_obj.dir/evp/bio_b64.c.o
[249/531] Building C object crypto/CMakeFiles/crypto_obj.dir/evp/bio_enc.c.o
[250/531] Building C object crypto/CMakeFiles/crypto_obj.dir/evp/e_camellia.c.o
[251/531] Building C object crypto/CMakeFiles/crypto_obj.dir/evp/e_null.c.o
[252/531] Building C object crypto/CMakeFiles/crypto_obj.dir/evp/evp_aead.c.o
[253/531] Building C object crypto/CMakeFiles/crypto_obj.dir/err/err.c.o
[254/531] Building C object crypto/CMakeFiles/crypto_obj.dir/ec/ecx_methods.c.o
[255/531] Building C object crypto/CMakeFiles/crypto_obj.dir/evp/e_des.c.o
[256/531] Building C object crypto/CMakeFiles/crypto_obj.dir/evp/e_rc4.c.o
[257/531] Building C object crypto/CMakeFiles/crypto_obj.dir/evp/evp_err.c.o
[258/531] Building C object crypto/CMakeFiles/crypto_obj.dir/evp/e_sm4.c.o
[259/531] Building C object crypto/CMakeFiles/crypto_obj.dir/evp/e_des3.c.o
[260/531] Building C object crypto/CMakeFiles/crypto_obj.dir/evp/e_chacha20poly1305.c.o
[261/531] Building C object crypto/CMakeFiles/crypto_obj.dir/evp/e_aes.c.o
[262/531] Building C object crypto/CMakeFiles/crypto_obj.dir/evp/e_idea.c.o
[263/531] Building C object crypto/CMakeFiles/crypto_obj.dir/evp/e_rc2.c.o
[264/531] Building C object crypto/CMakeFiles/crypto_obj.dir/evp/e_xcbc_d.c.o
[265/531] Building C object crypto/CMakeFiles/crypto_obj.dir/evp/m_md5.c.o
[266/531] Building C object crypto/CMakeFiles/crypto_obj.dir/evp/m_ripemd.c.o
[267/531] Building C object crypto/CMakeFiles/crypto_obj.dir/evp/evp_digest.c.o
[268/531] Building C object crypto/CMakeFiles/crypto_obj.dir/evp/evp_encode.c.o
[269/531] Building C object crypto/CMakeFiles/crypto_obj.dir/evp/evp_names.c.o
[270/531] Building C object crypto/CMakeFiles/crypto_obj.dir/evp/m_md5_sha1.c.o
[271/531] Building C object crypto/CMakeFiles/crypto_obj.dir/evp/m_sha3.c.o
[272/531] Building C object crypto/CMakeFiles/crypto_obj.dir/evp/evp_key.c.o
[273/531] Building C object crypto/CMakeFiles/crypto_obj.dir/evp/evp_pbe.c.o
[274/531] Building C object crypto/CMakeFiles/crypto_obj.dir/evp/m_sm3.c.o
[275/531] Building C object crypto/CMakeFiles/crypto_obj.dir/evp/p_sign.c.o
[276/531] Building C object crypto/CMakeFiles/crypto_obj.dir/evp/m_sha1.c.o
[277/531] Building C object crypto/CMakeFiles/crypto_obj.dir/evp/m_sigver.c.o
[278/531] Building C object crypto/CMakeFiles/crypto_obj.dir/evp/p_legacy.c.o
[279/531] Building C object crypto/CMakeFiles/crypto_obj.dir/evp/pmeth_gn.c.o
[280/531] Building C object crypto/CMakeFiles/crypto_obj.dir/kdf/kdf_err.c.o
[281/531] Building C object crypto/CMakeFiles/crypto_obj.dir/hmac/hm_ameth.c.o
[282/531] Building C object crypto/CMakeFiles/crypto_obj.dir/evp/pmeth_lib.c.o
[283/531] Building C object crypto/CMakeFiles/crypto_obj.dir/evp/m_null.c.o
[284/531] Building C object crypto/CMakeFiles/crypto_obj.dir/evp/p_lib.c.o
[285/531] Building C object crypto/CMakeFiles/crypto_obj.dir/hkdf/hkdf.c.o
[286/531] Building C object crypto/CMakeFiles/crypto_obj.dir/evp/m_md4.c.o
[287/531] Building C object crypto/CMakeFiles/crypto_obj.dir/evp/pmeth_fn.c.o
[288/531] Building C object crypto/CMakeFiles/crypto_obj.dir/mlkem/mlkem_key.c.o
[289/531] Building C object crypto/CMakeFiles/crypto_obj.dir/evp/evp_cipher.c.o
[290/531] Building C object crypto/CMakeFiles/crypto_obj.dir/evp/evp_pkey.c.o
[291/531] Building C object crypto/CMakeFiles/crypto_obj.dir/mlkem/mlkem.c.o
[292/531] Building C object crypto/CMakeFiles/crypto_obj.dir/evp/p_verify.c.o
[293/531] Building C object crypto/CMakeFiles/crypto_obj.dir/hmac/hmac.c.o
[294/531] Building C object crypto/CMakeFiles/crypto_obj.dir/modes/cbc128.c.o
[295/531] Building C object crypto/CMakeFiles/crypto_obj.dir/hmac/hm_pmeth.c.o
[296/531] Building C object crypto/CMakeFiles/crypto_obj.dir/kdf/hkdf_evp.c.o
[297/531] Building C object crypto/CMakeFiles/crypto_obj.dir/lhash/lhash.c.o
[298/531] Building C object crypto/CMakeFiles/crypto_obj.dir/md4/md4.c.o
[299/531] Building C object crypto/CMakeFiles/crypto_obj.dir/kdf/tls1_prf.c.o
[300/531] Building C object crypto/CMakeFiles/crypto_obj.dir/modes/ofb128.c.o
[301/531] Building C object crypto/CMakeFiles/crypto_obj.dir/objects/obj_err.c.o
[302/531] Building C object crypto/CMakeFiles/crypto_obj.dir/modes/ctr128.c.o
[303/531] Building C object crypto/CMakeFiles/crypto_obj.dir/idea/idea.c.o
[304/531] Building C object crypto/CMakeFiles/crypto_obj.dir/modes/xts128.c.o
[305/531] Building C object crypto/CMakeFiles/crypto_obj.dir/modes/gcm128.c.o
[306/531] Building C object crypto/CMakeFiles/crypto_obj.dir/modes/ccm128.c.o
[307/531] Building C object crypto/CMakeFiles/crypto_obj.dir/modes/cfb128.c.o
[308/531] Building C object crypto/CMakeFiles/crypto_obj.dir/objects/obj_lib.c.o
[309/531] Building C object crypto/CMakeFiles/crypto_obj.dir/objects/obj_xref.c.o
[310/531] Building C object crypto/CMakeFiles/crypto_obj.dir/ocsp/ocsp_err.c.o
[311/531] Building C object crypto/CMakeFiles/crypto_obj.dir/md5/md5.c.o
[312/531] Building C object crypto/CMakeFiles/crypto_obj.dir/ocsp/ocsp_ext.c.o
[313/531] Building C object crypto/CMakeFiles/crypto_obj.dir/pem/pem_err.c.o
[314/531] Building C object crypto/CMakeFiles/crypto_obj.dir/ocsp/ocsp_cl.c.o
[315/531] Building C object crypto/CMakeFiles/crypto_obj.dir/ocsp/ocsp_asn.c.o
[316/531] Building C object crypto/CMakeFiles/crypto_obj.dir/ocsp/ocsp_ht.c.o
[317/531] Building C object crypto/CMakeFiles/crypto_obj.dir/ocsp/ocsp_lib.c.o
[318/531] Building C object crypto/CMakeFiles/crypto_obj.dir/ocsp/ocsp_vfy.c.o
[319/531] Building C object crypto/CMakeFiles/crypto_obj.dir/pem/pem_oth.c.o
[320/531] Building C object crypto/CMakeFiles/crypto_obj.dir/ocsp/ocsp_srv.c.o
[321/531] Building C object crypto/CMakeFiles/crypto_obj.dir/mlkem/mlkem_internal.c.o
[322/531] Building C object crypto/CMakeFiles/crypto_obj.dir/ocsp/ocsp_prn.c.o
[323/531] Building C object crypto/CMakeFiles/crypto_obj.dir/pem/pem_pkey.c.o
[324/531] Building C object crypto/CMakeFiles/crypto_obj.dir/pem/pem_sign.c.o
[325/531] Building C object crypto/CMakeFiles/crypto_obj.dir/pem/pem_x509.c.o
[326/531] Building C object crypto/CMakeFiles/crypto_obj.dir/pem/pem_xaux.c.o
[327/531] Building C object crypto/CMakeFiles/crypto_obj.dir/pem/pem_pk8.c.o
[328/531] Building C object crypto/CMakeFiles/crypto_obj.dir/pem/pem_info.c.o
[329/531] Building C object crypto/CMakeFiles/crypto_obj.dir/objects/obj_dat.c.o
[330/531] Building C object crypto/CMakeFiles/crypto_obj.dir/pkcs12/p12_add.c.o
[331/531] Building C object crypto/CMakeFiles/crypto_obj.dir/pkcs12/p12_decr.c.o
[332/531] Building C object crypto/CMakeFiles/crypto_obj.dir/pkcs12/p12_asn.c.o
[333/531] Building C object crypto/CMakeFiles/crypto_obj.dir/pem/pem_lib.c.o
[334/531] Building C object crypto/CMakeFiles/crypto_obj.dir/pkcs12/p12_p8d.c.o
[335/531] Building C object crypto/CMakeFiles/crypto_obj.dir/pem/pem_all.c.o
[336/531] Building C object crypto/CMakeFiles/crypto_obj.dir/pkcs12/p12_init.c.o
[337/531] Building C object crypto/CMakeFiles/crypto_obj.dir/pkcs12/p12_crt.c.o
[338/531] Building C object crypto/CMakeFiles/crypto_obj.dir/pkcs12/p12_p8e.c.o
[339/531] Building C object crypto/CMakeFiles/crypto_obj.dir/pkcs12/p12_key.c.o
[340/531] Building C object crypto/CMakeFiles/crypto_obj.dir/pkcs12/p12_attr.c.o
[341/531] Building C object crypto/CMakeFiles/crypto_obj.dir/rand/rand_err.c.o
[342/531] Building C object crypto/CMakeFiles/crypto_obj.dir/poly1305/poly1305.c.o
[343/531] Building C object crypto/CMakeFiles/crypto_obj.dir/pkcs12/pk12err.c.o
[344/531] Building C object crypto/CMakeFiles/crypto_obj.dir/pkcs12/p12_utl.c.o
[345/531] Building C object crypto/CMakeFiles/crypto_obj.dir/pkcs12/p12_npas.c.o
[346/531] Building C object crypto/CMakeFiles/crypto_obj.dir/pkcs7/pk7_mime.c.o
[347/531] Building C object crypto/CMakeFiles/crypto_obj.dir/pkcs7/pkcs7err.c.o
[348/531] Building C object crypto/CMakeFiles/crypto_obj.dir/pkcs12/p12_kiss.c.o
[349/531] Building C object crypto/CMakeFiles/crypto_obj.dir/pkcs7/pk7_asn1.c.o
[350/531] Building C object crypto/CMakeFiles/crypto_obj.dir/rand/rand_lib.c.o
[351/531] Building C object crypto/CMakeFiles/crypto_obj.dir/pkcs12/p12_mutl.c.o
[352/531] Building C object crypto/CMakeFiles/crypto_obj.dir/rc4/rc4.c.o
[353/531] Building C object crypto/CMakeFiles/crypto_obj.dir/pkcs12/p12_sbag.c.o
[354/531] Building C object crypto/CMakeFiles/crypto_obj.dir/pem/pvkfmt.c.o
[355/531] Building C object crypto/CMakeFiles/crypto_obj.dir/pkcs7/pk7_smime.c.o
[356/531] Building C object crypto/CMakeFiles/crypto_obj.dir/pkcs7/pk7_attr.c.o
[357/531] Building C object crypto/CMakeFiles/crypto_obj.dir/rand/randfile.c.o
[358/531] Building C object crypto/CMakeFiles/crypto_obj.dir/rsa/rsa_chk.c.o
[359/531] Building C object crypto/CMakeFiles/crypto_obj.dir/pkcs7/pk7_lib.c.o
[360/531] Building C object crypto/CMakeFiles/crypto_obj.dir/rsa/rsa_err.c.o
[361/531] Building C object crypto/CMakeFiles/crypto_obj.dir/rsa/rsa_asn1.c.o
[362/531] Building C object crypto/CMakeFiles/crypto_obj.dir/rsa/rsa_meth.c.o
[363/531] Building C object crypto/CMakeFiles/crypto_obj.dir/rc2/rc2.c.o
[364/531] Building C object crypto/CMakeFiles/crypto_obj.dir/rsa/rsa_gen.c.o
[365/531] Building C object crypto/CMakeFiles/crypto_obj.dir/rsa/rsa_prn.c.o
[366/531] Building C object crypto/CMakeFiles/crypto_obj.dir/rsa/rsa_saos.c.o
[367/531] Building C object crypto/CMakeFiles/crypto_obj.dir/rsa/rsa_blinding.c.o
[368/531] Building C object crypto/CMakeFiles/crypto_obj.dir/rsa/rsa_x931.c.o
[369/531] Building C object crypto/CMakeFiles/crypto_obj.dir/sha/sha1.c.o
[370/531] Building C object crypto/CMakeFiles/crypto_obj.dir/rsa/rsa_pss.c.o
[371/531] Building C object crypto/CMakeFiles/crypto_obj.dir/rsa/rsa_lib.c.o
[372/531] Building C object crypto/CMakeFiles/crypto_obj.dir/sha/sha512.c.o
[373/531] Building C object crypto/CMakeFiles/crypto_obj.dir/rsa/rsa_oaep.c.o
[374/531] Building C object crypto/CMakeFiles/crypto_obj.dir/sha/sha3.c.o
[375/531] Building C object crypto/CMakeFiles/crypto_obj.dir/sha/sha256.c.o
[376/531] Building C object crypto/CMakeFiles/crypto_obj.dir/rsa/rsa_eay.c.o
[377/531] Building C object crypto/CMakeFiles/crypto_obj.dir/rsa/rsa_none.c.o
[378/531] Building C object crypto/CMakeFiles/crypto_obj.dir/pkcs7/pk7_doit.c.o
[379/531] Building C object crypto/CMakeFiles/crypto_obj.dir/rsa/rsa_pk1.c.o
[380/531] Building C object crypto/CMakeFiles/crypto_obj.dir/rsa/rsa_sign.c.o
[381/531] Building C object crypto/CMakeFiles/crypto_obj.dir/rsa/rsa_ameth.c.o
[382/531] Building C object crypto/CMakeFiles/crypto_obj.dir/ripemd/ripemd.c.o
[383/531] Building C object crypto/CMakeFiles/crypto_obj.dir/ts/ts_err.c.o
[384/531] Building C object crypto/CMakeFiles/crypto_obj.dir/sm4/sm4.c.o
[385/531] Building C object crypto/CMakeFiles/crypto_obj.dir/stack/stack.c.o
[386/531] Building C object crypto/CMakeFiles/crypto_obj.dir/ts/ts_conf.c.o
[387/531] Building C object crypto/CMakeFiles/crypto_obj.dir/ui/ui_null.c.o
[388/531] Building C object crypto/CMakeFiles/crypto_obj.dir/rsa/rsa_pmeth.c.o
[389/531] Building C object crypto/CMakeFiles/crypto_obj.dir/ui/ui_err.c.o
[390/531] Building C object crypto/CMakeFiles/crypto_obj.dir/ts/ts_verify_ctx.c.o
[391/531] Building C object crypto/CMakeFiles/crypto_obj.dir/ts/ts_rsp_print.c.o
[392/531] Building C object crypto/CMakeFiles/crypto_obj.dir/ts/ts_asn1.c.o
[393/531] Building C object crypto/CMakeFiles/crypto_obj.dir/txt_db/txt_db.c.o
[394/531] Building C object crypto/CMakeFiles/crypto_obj.dir/ts/ts_lib.c.o
[395/531] Building C object crypto/CMakeFiles/crypto_obj.dir/ts/ts_req_utils.c.o
[396/531] Building C object crypto/CMakeFiles/crypto_obj.dir/ts/ts_rsp_utils.c.o
[397/531] Building C object crypto/CMakeFiles/crypto_obj.dir/x509/by_mem.c.o
[398/531] Building C object crypto/CMakeFiles/crypto_obj.dir/ui/ui_lib.c.o
[399/531] Building C object crypto/CMakeFiles/crypto_obj.dir/x509/x509_bcons.c.o
[400/531] Building C object crypto/CMakeFiles/crypto_obj.dir/sm3/sm3.c.o
[401/531] Building C object crypto/CMakeFiles/crypto_obj.dir/ts/ts_req_print.c.o
[402/531] Building C object crypto/CMakeFiles/crypto_obj.dir/x509/x509_bitst.c.o
[403/531] Building C object crypto/CMakeFiles/crypto_obj.dir/x509/by_dir.c.o
[404/531] Building C object crypto/CMakeFiles/crypto_obj.dir/x509/x509_akey.c.o
[405/531] Building C object crypto/CMakeFiles/crypto_obj.dir/x509/x509_akeya.c.o
[406/531] Building C object crypto/CMakeFiles/crypto_obj.dir/ts/ts_rsp_verify.c.o
[407/531] Building C object crypto/CMakeFiles/crypto_obj.dir/x509/x509_att.c.o
[408/531] Building C object crypto/CMakeFiles/crypto_obj.dir/x509/by_file.c.o
[409/531] Building C object crypto/CMakeFiles/crypto_obj.dir/ts/ts_rsp_sign.c.o
[410/531] Building C object crypto/CMakeFiles/crypto_obj.dir/x509/x509_d2.c.o
[411/531] Building C object crypto/CMakeFiles/crypto_obj.dir/x509/x509_cpols.c.o
[412/531] Building C object crypto/CMakeFiles/crypto_obj.dir/x509/x509_alt.c.o
/home/jlind/dev/vio/3rdparty/libressl-4.3.2/crypto/x509/x509_alt.c: In function ‘do_othername’:
/home/jlind/dev/vio/3rdparty/libressl-4.3.2/crypto/x509/x509_alt.c:753:17: warning: assignment discards ‘const’ qualifier from pointer target type [-Wdiscarded-qualifiers]
  753 |         if (!(p = strchr(value, ';')))
      |                 ^
[413/531] Building C object crypto/CMakeFiles/crypto_obj.dir/x509/x509_def.c.o
[414/531] Building C object crypto/CMakeFiles/crypto_obj.dir/x509/x509_err.c.o
[415/531] Building C object crypto/CMakeFiles/crypto_obj.dir/x509/x509_ia5.c.o
[416/531] Building C object crypto/CMakeFiles/crypto_obj.dir/x509/x509_asid.c.o
[417/531] Building C object crypto/CMakeFiles/crypto_obj.dir/x509/x509_cmp.c.o
[418/531] Building C object crypto/CMakeFiles/crypto_obj.dir/x509/x509_conf.c.o
[419/531] Building C object crypto/CMakeFiles/crypto_obj.dir/x509/x509_int.c.o
[420/531] Building C object crypto/CMakeFiles/crypto_obj.dir/x509/x509_ext.c.o
[421/531] Building C object crypto/CMakeFiles/crypto_obj.dir/x509/x509_crld.c.o
[422/531] Building C object crypto/CMakeFiles/crypto_obj.dir/x509/x509_genn.c.o
[423/531] Building C object crypto/CMakeFiles/crypto_obj.dir/x509/x509_addr.c.o
[424/531] Building C object crypto/CMakeFiles/crypto_obj.dir/x509/x509_pku.c.o
[425/531] Building C object crypto/CMakeFiles/crypto_obj.dir/x509/x509_info.c.o
[426/531] Building C object crypto/CMakeFiles/crypto_obj.dir/x509/x509_lib.c.o
[427/531] Building C object crypto/CMakeFiles/crypto_obj.dir/x509/x509_extku.c.o
[428/531] Building C object crypto/CMakeFiles/crypto_obj.dir/x509/x509_pcons.c.o
[429/531] Building C object crypto/CMakeFiles/crypto_obj.dir/x509/x509_ocsp.c.o
[430/531] Building C object crypto/CMakeFiles/crypto_obj.dir/x509/x509_pmaps.c.o
[431/531] Building C object crypto/CMakeFiles/crypto_obj.dir/x509/x509_obj.c.o
[432/531] Building C object crypto/CMakeFiles/crypto_obj.dir/x509/x509_set.c.o
[433/531] Building C object crypto/CMakeFiles/crypto_obj.dir/x509/x509_issuer_cache.c.o
[434/531] Building C object crypto/CMakeFiles/crypto_obj.dir/x509/x509_siginfo.c.o
[435/531] Building C object crypto/CMakeFiles/crypto_obj.dir/x509/x509_constraints.c.o
[436/531] Building C object crypto/CMakeFiles/crypto_obj.dir/x509/x509_r2x.c.o
[437/531] Building C object crypto/CMakeFiles/crypto_obj.dir/x509/x509_prn.c.o
[438/531] Building C object crypto/CMakeFiles/crypto_obj.dir/x509/x509_txt.c.o
[439/531] Building C object crypto/CMakeFiles/crypto_obj.dir/x509/x509_req.c.o
[440/531] Building C object crypto/CMakeFiles/crypto_obj.dir/x509/x509_skey.c.o
[441/531] Building C object crypto/CMakeFiles/crypto_obj.dir/x509/x509_trs.c.o
[442/531] Building C object crypto/CMakeFiles/crypto_obj.dir/x509/x509_policy.c.o
[443/531] Building C object crypto/CMakeFiles/crypto.dir/empty.c.o
[444/531] Building C object crypto/CMakeFiles/crypto_obj.dir/x509/x509_v3.c.o
[445/531] Building C object crypto/CMakeFiles/crypto_obj.dir/x509/x509rset.c.o
[446/531] Building C object crypto/CMakeFiles/crypto_obj.dir/x509/x509name.c.o
[447/531] Building C object crypto/CMakeFiles/crypto_obj.dir/x509/x509_ncons.c.o
[448/531] Building C object crypto/CMakeFiles/crypto_obj.dir/x509/x509spki.c.o
[449/531] Building C object crypto/CMakeFiles/crypto_obj.dir/x509/x509type.c.o
[450/531] Building C object crypto/CMakeFiles/crypto_obj.dir/x509/x509_lu.c.o
[451/531] Building C object crypto/CMakeFiles/crypto_obj.dir/crypto_lock.c.o
[452/531] Building C object crypto/CMakeFiles/crypto_obj.dir/bio/b_posix.c.o
[453/531] Building C object crypto/CMakeFiles/crypto_obj.dir/x509/x509cset.c.o
[454/531] Building C object ssl/CMakeFiles/ssl_obj.dir/pqueue.c.o
[455/531] Building C object crypto/CMakeFiles/crypto_obj.dir/x509/x_all.c.o
[456/531] Building C object crypto/CMakeFiles/crypto_obj.dir/x509/x509_purp.c.o
[457/531] Building C object crypto/CMakeFiles/crypto_obj.dir/x509/x509_utl.c.o
/home/jlind/dev/vio/3rdparty/libressl-4.3.2/crypto/x509/x509_utl.c: In function ‘a2i_IPADDRESS_NC’:
/home/jlind/dev/vio/3rdparty/libressl-4.3.2/crypto/x509/x509_utl.c:1238:11: warning: assignment discards ‘const’ qualifier from pointer target type [-Wdiscarded-qualifiers]
 1238 |         p = strchr(ipasc, '/');
      |           ^
[458/531] Building C object ssl/CMakeFiles/ssl_obj.dir/d1_srtp.c.o
/home/jlind/dev/vio/3rdparty/libressl-4.3.2/ssl/d1_srtp.c: In function ‘ssl_ctx_make_profiles’:
/home/jlind/dev/vio/3rdparty/libressl-4.3.2/ssl/d1_srtp.c:203:21: warning: assignment discards ‘const’ qualifier from pointer target type [-Wdiscarded-qualifiers]
  203 |                 col = strchr(ptr, ':');
      |                     ^
[459/531] Building C object ssl/CMakeFiles/ssl_obj.dir/ssl_kex.c.o
[460/531] Building C object ssl/CMakeFiles/ssl_obj.dir/ssl_both.c.o
[461/531] Building C object crypto/CMakeFiles/crypto_obj.dir/x509/x509_vpm.c.o
[462/531] Building C object ssl/CMakeFiles/ssl_obj.dir/ssl_cert.c.o
[463/531] Building C object crypto/CMakeFiles/crypto_obj.dir/ui/ui_openssl.c.o
[464/531] Building C object ssl/CMakeFiles/ssl_obj.dir/bio_ssl.c.o
[465/531] Building C object ssl/CMakeFiles/ssl_obj.dir/d1_lib.c.o
[466/531] Building C object ssl/CMakeFiles/ssl_obj.dir/ssl_asn1.c.o
[467/531] Building C object ssl/CMakeFiles/ssl_obj.dir/ssl_ciphers.c.o
[468/531] Building C object ssl/CMakeFiles/ssl_obj.dir/s3_cbc.c.o
[469/531] Building C object ssl/CMakeFiles/ssl_obj.dir/ssl_err.c.o
[470/531] Building C object ssl/CMakeFiles/ssl_obj.dir/ssl_init.c.o
[471/531] Building C object crypto/CMakeFiles/crypto_obj.dir/x509/x509_vfy.c.o
[472/531] Building C object ssl/CMakeFiles/ssl_obj.dir/ssl_methods.c.o
[473/531] Building C object ssl/CMakeFiles/ssl_obj.dir/d1_pkt.c.o
[474/531] Building C object ssl/CMakeFiles/ssl_obj.dir/s3_lib.c.o
[475/531] Building C object ssl/CMakeFiles/ssl_obj.dir/ssl_rsa.c.o
[476/531] Building C object ssl/CMakeFiles/ssl_obj.dir/ssl_ciph.c.o
[477/531] Building C object ssl/CMakeFiles/ssl_obj.dir/ssl_seclevel.c.o
[478/531] Building C object ssl/CMakeFiles/ssl_obj.dir/tls_content.c.o
[479/531] Building C object crypto/CMakeFiles/crypto_obj.dir/x509/x509_verify.c.o
[480/531] Building C object ssl/CMakeFiles/ssl_obj.dir/ssl_txt.c.o
[481/531] Building C object ssl/CMakeFiles/ssl_obj.dir/ssl_stat.c.o
[482/531] Building C object ssl/CMakeFiles/ssl_obj.dir/ssl_sigalgs.c.o
[483/531] Building C object ssl/CMakeFiles/ssl_obj.dir/tls_buffer.c.o
[484/531] Building C object ssl/CMakeFiles/ssl_obj.dir/ssl_pkt.c.o
[485/531] Building C object ssl/CMakeFiles/ssl_obj.dir/ssl_versions.c.o
[486/531] Building C object ssl/CMakeFiles/ssl_obj.dir/t1_enc.c.o
[487/531] Building C object ssl/CMakeFiles/ssl_obj.dir/d1_both.c.o
[488/531] Building C object ssl/CMakeFiles/ssl_obj.dir/tls13_error.c.o
[489/531] Building C object ssl/CMakeFiles/ssl_obj.dir/tls_lib.c.o
[490/531] Building C object ssl/CMakeFiles/ssl_obj.dir/tls12_lib.c.o
[491/531] Building C object ssl/CMakeFiles/ssl_obj.dir/ssl_sess.c.o
[492/531] Building C object ssl/CMakeFiles/ssl_obj.dir/tls12_key_schedule.c.o
[493/531] Building C object ssl/CMakeFiles/ssl.dir/empty.c.o
[494/531] Building C object ssl/CMakeFiles/ssl_obj.dir/ssl_clnt.c.o
[495/531] Building C object ssl/CMakeFiles/ssl_obj.dir/tls13_handshake_msg.c.o
[496/531] Building C object ssl/CMakeFiles/ssl_obj.dir/tls_key_share.c.o
[497/531] Building C object ssl/CMakeFiles/ssl_obj.dir/ssl_transcript.c.o
[498/531] Building C object ssl/CMakeFiles/ssl_obj.dir/tls13_record.c.o
[499/531] Building C object tls/CMakeFiles/tls_compat_obj.dir/empty.c.o
[500/531] Building C object ssl/CMakeFiles/ssl_obj.dir/tls13_handshake.c.o
[501/531] Building C object ssl/CMakeFiles/ssl_obj.dir/t1_lib.c.o
[502/531] Building C object ssl/CMakeFiles/ssl_obj.dir/tls13_legacy.c.o
[503/531] Building C object ssl/CMakeFiles/ssl_obj.dir/tls13_key_schedule.c.o
[504/531] Building C object ssl/CMakeFiles/ssl_obj.dir/tls13_quic.c.o
[505/531] Building C object ssl/CMakeFiles/ssl_obj.dir/tls12_record_layer.c.o
[506/531] Building C object tls/CMakeFiles/tls_obj.dir/tls_bio_cb.c.o
[507/531] Building C object ssl/CMakeFiles/ssl_obj.dir/tls13_lib.c.o
[508/531] Building C object tls/CMakeFiles/tls.dir/empty.c.o
[509/531] Building C object ssl/CMakeFiles/ssl_obj.dir/tls13_record_layer.c.o
[510/531] Building C object tls/CMakeFiles/tls_obj.dir/tls_peer.c.o
[511/531] Building C object tls/CMakeFiles/tls_obj.dir/tls_keypair.c.o
[512/531] Building C object tls/CMakeFiles/tls_obj.dir/tls_signer.c.o
[513/531] Building C object ssl/CMakeFiles/ssl_obj.dir/tls13_client.c.o
[514/531] Building C object ssl/CMakeFiles/bs_obj.dir/bs_ber.c.o
[515/531] Building C object tls/CMakeFiles/tls_obj.dir/tls_client.c.o
[516/531] Building C object ssl/CMakeFiles/ssl_obj.dir/ssl_lib.c.o
[517/531] Building C object tls/CMakeFiles/tls_obj.dir/tls_verify.c.o
[518/531] Building C object tls/CMakeFiles/tls_obj.dir/tls_util.c.o
[519/531] Building C object tls/CMakeFiles/tls_obj.dir/tls_server.c.o
[520/531] Building C object tls/CMakeFiles/tls_obj.dir/tls_ocsp.c.o
[521/531] Building C object ssl/CMakeFiles/bs_obj.dir/bs_cbb.c.o
[522/531] Building C object tls/CMakeFiles/tls_obj.dir/tls_conninfo.c.o
[523/531] Building C object tls/CMakeFiles/tls_obj.dir/tls.c.o
[524/531] Building C object ssl/CMakeFiles/ssl_obj.dir/tls13_server.c.o
[525/531] Building C object ssl/CMakeFiles/ssl_obj.dir/ssl_srvr.c.o
[526/531] Building C object tls/CMakeFiles/tls_obj.dir/tls_config.c.o
[527/531] Building C object ssl/CMakeFiles/bs_obj.dir/bs_cbs.c.o
[528/531] Linking C static library crypto/libcrypto.a
[529/531] Building C object ssl/CMakeFiles/ssl_obj.dir/ssl_tlsext.c.o
[530/531] Linking C static library ssl/libssl.a
[531/531] Linking C static library tls/libtls.a
