[1/517] Building C object crypto/CMakeFiles/compat_obj.dir/empty.c.o
[2/517] Building ASM object crypto/CMakeFiles/crypto_obj.dir/aes/bsaes-elf-x86_64.S.o
[3/517] Building ASM object crypto/CMakeFiles/crypto_obj.dir/bn/arch/amd64/bignum_cmadd.S.o
[4/517] Building ASM object crypto/CMakeFiles/crypto_obj.dir/bn/modexp512-elf-x86_64.S.o
[5/517] Building ASM object crypto/CMakeFiles/crypto_obj.dir/modes/ghash-elf-x86_64.S.o
[6/517] Building ASM object crypto/CMakeFiles/crypto_obj.dir/aes/vpaes-elf-x86_64.S.o
[7/517] Building ASM object crypto/CMakeFiles/crypto_obj.dir/bn/mont-elf-x86_64.S.o
[8/517] Building ASM object crypto/CMakeFiles/crypto_obj.dir/aes/aes-elf-x86_64.S.o
[9/517] Building ASM object crypto/CMakeFiles/crypto_obj.dir/bn/arch/amd64/bignum_cmul.S.o
[10/517] Building ASM object crypto/CMakeFiles/crypto_obj.dir/bn/mont5-elf-x86_64.S.o
[11/517] Building ASM object crypto/CMakeFiles/crypto_obj.dir/aes/aesni-elf-x86_64.S.o
[12/517] Building ASM object crypto/CMakeFiles/crypto_obj.dir/rc4/rc4-elf-x86_64.S.o
[13/517] Building ASM object crypto/CMakeFiles/crypto_obj.dir/bn/arch/amd64/bignum_add.S.o
[14/517] Building ASM object crypto/CMakeFiles/crypto_obj.dir/bn/arch/amd64/bignum_mul.S.o
[15/517] Building C object crypto/CMakeFiles/compat_obj.dir/compat/getprogname_linux.c.o
[16/517] Building C object crypto/CMakeFiles/compat_obj.dir/compat/syslog_r.c.o
[17/517] Building C object crypto/CMakeFiles/compat_obj.dir/compat/timingsafe_bcmp.c.o
[18/517] Building C object crypto/CMakeFiles/compat_obj.dir/compat/timingsafe_memcmp.c.o
[19/517] Building ASM object crypto/CMakeFiles/crypto_obj.dir/bn/arch/amd64/bignum_mul_4_8_alt.S.o
[20/517] Building C object crypto/CMakeFiles/compat_obj.dir/compat/freezero.c.o
[21/517] Building C object crypto/CMakeFiles/compat_obj.dir/compat/strtonum.c.o
[22/517] Building ASM object crypto/CMakeFiles/crypto_obj.dir/bn/arch/amd64/bignum_mul_8_16_alt.S.o
[23/517] Building ASM object crypto/CMakeFiles/crypto_obj.dir/bn/arch/amd64/bignum_sqr_8_16_alt.S.o
[24/517] Building ASM object crypto/CMakeFiles/crypto_obj.dir/bn/arch/amd64/word_clz.S.o
[25/517] Building ASM object crypto/CMakeFiles/crypto_obj.dir/bn/arch/amd64/bignum_sqr.S.o
[26/517] Building ASM object crypto/CMakeFiles/crypto_obj.dir/bn/arch/amd64/bignum_sqr_4_8_alt.S.o
[27/517] Building ASM object crypto/CMakeFiles/crypto_obj.dir/bn/arch/amd64/bignum_sub.S.o
[28/517] Building C object crypto/CMakeFiles/compat_obj.dir/compat/recallocarray.c.o
[29/517] Building C object crypto/CMakeFiles/crypto_obj.dir/arch/amd64/crypto_cpu_caps.c.o
[30/517] Building C object crypto/CMakeFiles/crypto_obj.dir/aes/aes_core.c.o
[31/517] Building C object crypto/CMakeFiles/crypto_obj.dir/crypto_err.c.o
[32/517] Building C object crypto/CMakeFiles/crypto_obj.dir/crypto_memory.c.o
[33/517] Building C object crypto/CMakeFiles/crypto_obj.dir/bn/arch/amd64/bn_arch.c.o
[34/517] Building C object crypto/CMakeFiles/crypto_obj.dir/crypto_ex_data.c.o
[35/517] Building C object crypto/CMakeFiles/crypto_obj.dir/aes/aes_ige.c.o
[36/517] Building C object crypto/CMakeFiles/crypto_obj.dir/asn1/a_mbstr.c.o
[37/517] Building C object crypto/CMakeFiles/crypto_obj.dir/asn1/a_octet.c.o
[38/517] Building C object crypto/CMakeFiles/crypto_obj.dir/asn1/a_print.c.o
[39/517] Building C object crypto/CMakeFiles/crypto_obj.dir/asn1/a_pubkey.c.o
[40/517] Building C object crypto/CMakeFiles/crypto_obj.dir/crypto_legacy.c.o
[41/517] Building C object crypto/CMakeFiles/crypto_obj.dir/crypto_init.c.o
[42/517] Building C object crypto/CMakeFiles/crypto_obj.dir/aes/aes.c.o
[43/517] Building C object crypto/CMakeFiles/crypto_obj.dir/asn1/a_enum.c.o
[44/517] Building C object crypto/CMakeFiles/crypto_obj.dir/asn1/asn1_err.c.o
[45/517] Building C object crypto/CMakeFiles/crypto_obj.dir/asn1/a_pkey.c.o
[46/517] Building C object crypto/CMakeFiles/crypto_obj.dir/asn1/a_bitstr.c.o
[47/517] Building C object crypto/CMakeFiles/crypto_obj.dir/asn1/a_object.c.o
[48/517] Building C object crypto/CMakeFiles/crypto_obj.dir/asn1/a_utf8.c.o
[49/517] Building C object crypto/CMakeFiles/crypto_obj.dir/asn1/a_string.c.o
[50/517] Building C object crypto/CMakeFiles/crypto_obj.dir/asn1/asn1_lib.c.o
[51/517] Building C object crypto/CMakeFiles/crypto_obj.dir/asn1/a_int.c.o
[52/517] Building C object crypto/CMakeFiles/crypto_obj.dir/asn1/a_strnid.c.o
[53/517] Building C object crypto/CMakeFiles/crypto_obj.dir/asn1/a_time.c.o
[54/517] Building C object crypto/CMakeFiles/crypto_obj.dir/asn1/asn1_old_lib.c.o
[55/517] Building C object crypto/CMakeFiles/crypto_obj.dir/asn1/a_strex.c.o
[56/517] Building C object crypto/CMakeFiles/crypto_obj.dir/asn1/a_type.c.o
[57/517] Building C object crypto/CMakeFiles/crypto_obj.dir/asn1/a_time_tm.c.o
[58/517] Building C object crypto/CMakeFiles/crypto_obj.dir/asn1/asn1_old.c.o
[59/517] Building C object crypto/CMakeFiles/crypto_obj.dir/asn1/bio_ndef.c.o
[60/517] Building C object crypto/CMakeFiles/crypto_obj.dir/asn1/asn_moid.c.o
[61/517] Building C object crypto/CMakeFiles/crypto_obj.dir/asn1/asn1_item.c.o
[62/517] Building C object crypto/CMakeFiles/crypto_obj.dir/asn1/a_time_posix.c.o
[63/517] Building C object crypto/CMakeFiles/crypto_obj.dir/asn1/bio_asn1.c.o
[64/517] Building C object crypto/CMakeFiles/crypto_obj.dir/asn1/asn1_par.c.o
[65/517] Building C object crypto/CMakeFiles/crypto_obj.dir/asn1/asn1_types.c.o
[66/517] Building C object crypto/CMakeFiles/crypto_obj.dir/asn1/t_spki.c.o
[67/517] Building C object crypto/CMakeFiles/crypto_obj.dir/asn1/p5_pbev2.c.o
[68/517] Building C object crypto/CMakeFiles/crypto_obj.dir/asn1/asn1_gen.c.o
[69/517] Building C object crypto/CMakeFiles/crypto_obj.dir/asn1/t_crl.c.o
[70/517] Building C object crypto/CMakeFiles/crypto_obj.dir/asn1/p8_pkey.c.o
[71/517] Building C object crypto/CMakeFiles/crypto_obj.dir/asn1/p5_pbe.c.o
[72/517] Building C object crypto/CMakeFiles/crypto_obj.dir/asn1/asn_mime.c.o
[73/517] Building C object crypto/CMakeFiles/crypto_obj.dir/asn1/t_req.c.o
[74/517] Building C object crypto/CMakeFiles/crypto_obj.dir/asn1/t_x509a.c.o
[75/517] Building C object crypto/CMakeFiles/crypto_obj.dir/asn1/tasn_fre.c.o
[76/517] Building C object crypto/CMakeFiles/crypto_obj.dir/asn1/tasn_enc.c.o
[77/517] Building C object crypto/CMakeFiles/crypto_obj.dir/asn1/x_bignum.c.o
[78/517] Building C object crypto/CMakeFiles/crypto_obj.dir/asn1/tasn_prn.c.o
[79/517] Building C object crypto/CMakeFiles/crypto_obj.dir/asn1/x_long.c.o
[80/517] Building C object crypto/CMakeFiles/crypto_obj.dir/asn1/tasn_utl.c.o
[81/517] Building C object crypto/CMakeFiles/crypto_obj.dir/asn1/t_x509.c.o
[82/517] Building C object crypto/CMakeFiles/crypto_obj.dir/asn1/tasn_new.c.o
[83/517] Building C object crypto/CMakeFiles/crypto_obj.dir/asn1/x_info.c.o
[84/517] Building C object crypto/CMakeFiles/crypto_obj.dir/asn1/tasn_typ.c.o
[85/517] Building C object crypto/CMakeFiles/crypto_obj.dir/asn1/x_exten.c.o
[86/517] Building C object crypto/CMakeFiles/crypto_obj.dir/asn1/tasn_dec.c.o
[87/517] Building C object crypto/CMakeFiles/crypto_obj.dir/bio/b_print.c.o
[88/517] Building C object crypto/CMakeFiles/crypto_obj.dir/asn1/x_attrib.c.o
[89/517] Building C object crypto/CMakeFiles/crypto_obj.dir/bio/b_dump.c.o
[90/517] Building C object crypto/CMakeFiles/crypto_obj.dir/asn1/x_req.c.o
[91/517] Building C object crypto/CMakeFiles/crypto_obj.dir/asn1/x_sig.c.o
[92/517] Building C object crypto/CMakeFiles/crypto_obj.dir/asn1/x_val.c.o
[93/517] Building C object crypto/CMakeFiles/crypto_obj.dir/asn1/x_x509a.c.o
[94/517] Building C object crypto/CMakeFiles/crypto_obj.dir/bio/bf_nbio.c.o
[95/517] Building C object crypto/CMakeFiles/crypto_obj.dir/bio/b_sock.c.o
[96/517] Building C object crypto/CMakeFiles/crypto_obj.dir/bio/bio_err.c.o
[97/517] Building C object crypto/CMakeFiles/crypto_obj.dir/asn1/x_crl.c.o
[98/517] Building C object crypto/CMakeFiles/crypto_obj.dir/bio/bf_null.c.o
[99/517] Building C object crypto/CMakeFiles/crypto_obj.dir/asn1/x_name.c.o
[100/517] Building C object crypto/CMakeFiles/crypto_obj.dir/bio/bio_meth.c.o
[101/517] Building C object crypto/CMakeFiles/crypto_obj.dir/asn1/x_pkey.c.o
[102/517] Building C object crypto/CMakeFiles/crypto_obj.dir/bio/bio_cb.c.o
[103/517] Building C object crypto/CMakeFiles/crypto_obj.dir/asn1/x_algor.c.o
[104/517] Building C object crypto/CMakeFiles/crypto_obj.dir/asn1/x_spki.c.o
[105/517] Building C object crypto/CMakeFiles/crypto_obj.dir/asn1/x_pubkey.c.o
[106/517] Building C object crypto/CMakeFiles/crypto_obj.dir/bio/bss_bio.c.o
[107/517] Building C object crypto/CMakeFiles/crypto_obj.dir/bio/bf_buff.c.o
[108/517] Building C object crypto/CMakeFiles/crypto_obj.dir/bio/bss_acpt.c.o
[109/517] Building C object crypto/CMakeFiles/crypto_obj.dir/bf/blowfish.c.o
[110/517] Building C object crypto/CMakeFiles/crypto_obj.dir/asn1/x_x509.c.o
[111/517] Building C object crypto/CMakeFiles/crypto_obj.dir/bio/bss_conn.c.o
[112/517] Building C object crypto/CMakeFiles/crypto_obj.dir/bio/bss_fd.c.o
[113/517] Building C object crypto/CMakeFiles/crypto_obj.dir/bio/bss_mem.c.o
[114/517] Building C object crypto/CMakeFiles/crypto_obj.dir/bio/bss_null.c.o
[115/517] Building C object crypto/CMakeFiles/crypto_obj.dir/bn/bn_add.c.o
[116/517] Building C object crypto/CMakeFiles/crypto_obj.dir/bio/bss_file.c.o
[117/517] Building C object crypto/CMakeFiles/crypto_obj.dir/bio/bss_sock.c.o
[118/517] Building C object crypto/CMakeFiles/crypto_obj.dir/bio/bss_dgram.c.o
[119/517] Building C object crypto/CMakeFiles/crypto_obj.dir/bio/bio_lib.c.o
[120/517] Building C object crypto/CMakeFiles/crypto_obj.dir/bn/bn_const.c.o
[121/517] Building C object crypto/CMakeFiles/crypto_obj.dir/bn/bn_ctx.c.o
[122/517] Building C object crypto/CMakeFiles/crypto_obj.dir/bn/bn_isqrt.c.o
[123/517] Building C object crypto/CMakeFiles/crypto_obj.dir/bn/bn_kron.c.o
[124/517] Building C object crypto/CMakeFiles/crypto_obj.dir/bn/bn_err.c.o
[125/517] Building C object crypto/CMakeFiles/crypto_obj.dir/bn/bn_mod.c.o
[126/517] Building C object crypto/CMakeFiles/crypto_obj.dir/bn/bn_primitives.c.o
[127/517] Building C object crypto/CMakeFiles/crypto_obj.dir/bn/bn_mod_sqrt.c.o
[128/517] Building C object crypto/CMakeFiles/crypto_obj.dir/bn/bn_div.c.o
[129/517] Building C object crypto/CMakeFiles/crypto_obj.dir/bn/bn_mul.c.o
[130/517] Building C object crypto/CMakeFiles/crypto_obj.dir/bn/bn_bpsw.c.o
[131/517] Building C object crypto/CMakeFiles/crypto_obj.dir/bn/bn_gcd.c.o
[132/517] Building C object crypto/CMakeFiles/crypto_obj.dir/bn/bn_mont.c.o
[133/517] Building C object crypto/CMakeFiles/crypto_obj.dir/bn/bn_convert.c.o
[134/517] Building C object crypto/CMakeFiles/crypto_obj.dir/bn/bn_shift.c.o
[135/517] Building C object crypto/CMakeFiles/crypto_obj.dir/bn/bn_small_primes.c.o
[136/517] Building C object crypto/CMakeFiles/crypto_obj.dir/bn/bn_exp.c.o
[137/517] Building C object crypto/CMakeFiles/crypto_obj.dir/bn/bn_print.c.o
[138/517] Building C object crypto/CMakeFiles/crypto_obj.dir/bytestring/bs_ber.c.o
[139/517] Building C object crypto/CMakeFiles/crypto_obj.dir/bn/bn_recp.c.o
[140/517] Building C object crypto/CMakeFiles/crypto_obj.dir/buffer/buf_err.c.o
[141/517] Building C object crypto/CMakeFiles/crypto_obj.dir/bn/bn_rand.c.o
[142/517] Building C object crypto/CMakeFiles/crypto_obj.dir/bn/bn_sqr.c.o
[143/517] Building C object crypto/CMakeFiles/crypto_obj.dir/bn/bn_lib.c.o
[144/517] Building C object crypto/CMakeFiles/crypto_obj.dir/bn/bn_word.c.o
[145/517] Building C object crypto/CMakeFiles/crypto_obj.dir/buffer/buffer.c.o
[146/517] Building C object crypto/CMakeFiles/crypto_obj.dir/bn/bn_prime.c.o
[147/517] Building C object crypto/CMakeFiles/crypto_obj.dir/bytestring/bs_cbs.c.o
[148/517] Building C object crypto/CMakeFiles/crypto_obj.dir/bytestring/bs_cbb.c.o
[149/517] Building C object crypto/CMakeFiles/crypto_obj.dir/chacha/chacha.c.o
[150/517] Building C object crypto/CMakeFiles/crypto_obj.dir/cmac/cm_ameth.c.o
[151/517] Building C object crypto/CMakeFiles/crypto_obj.dir/cmac/cmac.c.o
[152/517] Building C object crypto/CMakeFiles/crypto_obj.dir/cms/cms_err.c.o
[153/517] Building C object crypto/CMakeFiles/crypto_obj.dir/cms/cms_asn1.c.o
[154/517] Building C object crypto/CMakeFiles/crypto_obj.dir/cmac/cm_pmeth.c.o
[155/517] Building C object crypto/CMakeFiles/crypto_obj.dir/cms/cms_dd.c.o
[156/517] Building C object crypto/CMakeFiles/crypto_obj.dir/conf/conf_err.c.o
[157/517] Building C object crypto/CMakeFiles/crypto_obj.dir/cms/cms_kari.c.o
[158/517] Building C object crypto/CMakeFiles/crypto_obj.dir/conf/conf_lib.c.o
[159/517] Building C object crypto/CMakeFiles/crypto_obj.dir/cms/cms_io.c.o
[160/517] Building C object crypto/CMakeFiles/crypto_obj.dir/cms/cms_ess.c.o
[161/517] Building C object crypto/CMakeFiles/crypto_obj.dir/conf/conf_def.c.o
[162/517] Building C object crypto/CMakeFiles/crypto_obj.dir/conf/conf_sap.c.o
[163/517] Building C object crypto/CMakeFiles/crypto_obj.dir/cms/cms_lib.c.o
[164/517] Building C object crypto/CMakeFiles/crypto_obj.dir/camellia/camellia.c.o
[165/517] Building C object crypto/CMakeFiles/crypto_obj.dir/ct/ct_err.c.o
[166/517] Building C object crypto/CMakeFiles/crypto_obj.dir/conf/conf_mod.c.o
[167/517] Building C object crypto/CMakeFiles/crypto_obj.dir/cast/cast.c.o
[168/517] Building C object crypto/CMakeFiles/crypto_obj.dir/cms/cms_env.c.o
[169/517] Building C object crypto/CMakeFiles/crypto_obj.dir/conf/conf_api.c.o
[170/517] Building C object crypto/CMakeFiles/crypto_obj.dir/cms/cms_smime.c.o
[171/517] Building C object crypto/CMakeFiles/crypto_obj.dir/curve25519/curve25519-generic.c.o
[172/517] Building C object crypto/CMakeFiles/crypto_obj.dir/ct/ct_b64.c.o
[173/517] Building C object crypto/CMakeFiles/crypto_obj.dir/cms/cms_sd.c.o
[174/517] Building C object crypto/CMakeFiles/crypto_obj.dir/ct/ct_oct.c.o
[175/517] Building C object crypto/CMakeFiles/crypto_obj.dir/ct/ct_log.c.o
[176/517] Building C object crypto/CMakeFiles/crypto_obj.dir/ct/ct_x509v3.c.o
[177/517] Building C object crypto/CMakeFiles/crypto_obj.dir/ct/ct_prn.c.o
[178/517] Building C object crypto/CMakeFiles/crypto_obj.dir/cms/cms_enc.c.o
[179/517] Building C object crypto/CMakeFiles/crypto_obj.dir/cms/cms_pwri.c.o
[180/517] Building C object crypto/CMakeFiles/crypto_obj.dir/cms/cms_att.c.o
[181/517] Building C object crypto/CMakeFiles/crypto_obj.dir/ct/ct_sct_ctx.c.o
[182/517] Building C object crypto/CMakeFiles/crypto_obj.dir/dh/dh_asn1.c.o
[183/517] Building C object crypto/CMakeFiles/crypto_obj.dir/dh/dh_check.c.o
[184/517] Building C object crypto/CMakeFiles/crypto_obj.dir/dh/dh_err.c.o
[185/517] Building C object crypto/CMakeFiles/crypto_obj.dir/dh/dh_gen.c.o
[186/517] Building C object crypto/CMakeFiles/crypto_obj.dir/dh/dh_key.c.o
[187/517] Building C object crypto/CMakeFiles/crypto_obj.dir/des/des_cksum.c.o
[188/517] Building C object crypto/CMakeFiles/crypto_obj.dir/dh/dh_lib.c.o
[189/517] Building C object crypto/CMakeFiles/crypto_obj.dir/dsa/dsa_err.c.o
[190/517] Building C object crypto/CMakeFiles/crypto_obj.dir/dh/dh_ameth.c.o
[191/517] Building C object crypto/CMakeFiles/crypto_obj.dir/des/des_key.c.o
[192/517] Building C object crypto/CMakeFiles/crypto_obj.dir/des/des_fcrypt.c.o
[193/517] Building C object crypto/CMakeFiles/crypto_obj.dir/dh/dh_pmeth.c.o
[194/517] Building C object crypto/CMakeFiles/crypto_obj.dir/ct/ct_vfy.c.o
[195/517] Building C object crypto/CMakeFiles/crypto_obj.dir/dsa/dsa_asn1.c.o
[196/517] Building C object crypto/CMakeFiles/crypto_obj.dir/dsa/dsa_prn.c.o
[197/517] Building C object crypto/CMakeFiles/crypto_obj.dir/dsa/dsa_gen.c.o
[198/517] Building C object crypto/CMakeFiles/crypto_obj.dir/ct/ct_policy.c.o
[199/517] Building C object crypto/CMakeFiles/crypto_obj.dir/dsa/dsa_meth.c.o
[200/517] Building C object crypto/CMakeFiles/crypto_obj.dir/dsa/dsa_key.c.o
[201/517] Building C object crypto/CMakeFiles/crypto_obj.dir/ct/ct_sct.c.o
[202/517] Building C object crypto/CMakeFiles/crypto_obj.dir/dsa/dsa_lib.c.o
[203/517] Building C object crypto/CMakeFiles/crypto_obj.dir/dsa/dsa_ossl.c.o
[204/517] Building C object crypto/CMakeFiles/crypto_obj.dir/ec/ec_err.c.o
[205/517] Building C object crypto/CMakeFiles/crypto_obj.dir/dsa/dsa_pmeth.c.o
[206/517] Building C object crypto/CMakeFiles/crypto_obj.dir/dsa/dsa_ameth.c.o
[207/517] Building C object crypto/CMakeFiles/crypto_obj.dir/engine/engine_stubs.c.o
[208/517] Building C object crypto/CMakeFiles/crypto_obj.dir/des/des.c.o
[209/517] Building C object crypto/CMakeFiles/crypto_obj.dir/ec/ec_asn1.c.o
[210/517] Building C object crypto/CMakeFiles/crypto_obj.dir/curve25519/curve25519.c.o
[211/517] Building C object crypto/CMakeFiles/crypto_obj.dir/ec/ec_mult.c.o
[212/517] Building C object crypto/CMakeFiles/crypto_obj.dir/ec/ec_convert.c.o
[213/517] Building C object crypto/CMakeFiles/crypto_obj.dir/des/des_enc.c.o
[214/517] Building C object crypto/CMakeFiles/crypto_obj.dir/ec/eck_prn.c.o
[215/517] Building C object crypto/CMakeFiles/crypto_obj.dir/ec/ec_key.c.o
[216/517] Building C object crypto/CMakeFiles/crypto_obj.dir/ec/ec_curve.c.o
[217/517] Building C object crypto/CMakeFiles/crypto_obj.dir/ec/ec_pmeth.c.o
[218/517] Building C object crypto/CMakeFiles/crypto_obj.dir/ecdh/ecdh.c.o
[219/517] Building C object crypto/CMakeFiles/crypto_obj.dir/err/err_prn.c.o
[220/517] Building C object crypto/CMakeFiles/crypto_obj.dir/evp/e_bf.c.o
[221/517] Building C object crypto/CMakeFiles/crypto_obj.dir/err/err_all.c.o
[222/517] Building C object crypto/CMakeFiles/crypto_obj.dir/ec/ec_lib.c.o
[223/517] Building C object crypto/CMakeFiles/crypto_obj.dir/ecdsa/ecdsa.c.o
[224/517] Building C object crypto/CMakeFiles/crypto_obj.dir/evp/e_chacha.c.o
[225/517] Building C object crypto/CMakeFiles/crypto_obj.dir/evp/bio_b64.c.o
[226/517] Building C object crypto/CMakeFiles/crypto_obj.dir/ec/ec_ameth.c.o
[227/517] Building C object crypto/CMakeFiles/crypto_obj.dir/ec/ecp_methods.c.o
[228/517] Building C object crypto/CMakeFiles/crypto_obj.dir/evp/bio_md.c.o
[229/517] Building C object crypto/CMakeFiles/crypto_obj.dir/evp/e_des.c.o
[230/517] Building C object crypto/CMakeFiles/crypto_obj.dir/err/err.c.o
[231/517] Building C object crypto/CMakeFiles/crypto_obj.dir/ec/ecx_methods.c.o
[232/517] Building C object crypto/CMakeFiles/crypto_obj.dir/evp/e_cast.c.o
[233/517] Building C object crypto/CMakeFiles/crypto_obj.dir/evp/e_null.c.o
[234/517] Building C object crypto/CMakeFiles/crypto_obj.dir/evp/e_rc2.c.o
[235/517] Building C object crypto/CMakeFiles/crypto_obj.dir/evp/e_rc4.c.o
[236/517] Building C object crypto/CMakeFiles/crypto_obj.dir/evp/e_camellia.c.o
[237/517] Building C object crypto/CMakeFiles/crypto_obj.dir/evp/e_chacha20poly1305.c.o
[238/517] Building C object crypto/CMakeFiles/crypto_obj.dir/evp/e_des3.c.o
[239/517] Building C object crypto/CMakeFiles/crypto_obj.dir/evp/e_sm4.c.o
[240/517] Building C object crypto/CMakeFiles/crypto_obj.dir/evp/evp_aead.c.o
[241/517] Building C object crypto/CMakeFiles/crypto_obj.dir/evp/evp_digest.c.o
[242/517] Building C object crypto/CMakeFiles/crypto_obj.dir/evp/bio_enc.c.o
[243/517] Building C object crypto/CMakeFiles/crypto_obj.dir/evp/evp_key.c.o
[244/517] Building C object crypto/CMakeFiles/crypto_obj.dir/evp/e_idea.c.o
[245/517] Building C object crypto/CMakeFiles/crypto_obj.dir/evp/evp_encode.c.o
[246/517] Building C object crypto/CMakeFiles/crypto_obj.dir/evp/m_null.c.o
[247/517] Building C object crypto/CMakeFiles/crypto_obj.dir/evp/e_xcbc_d.c.o
[248/517] Building C object crypto/CMakeFiles/crypto_obj.dir/evp/evp_err.c.o
[249/517] Building C object crypto/CMakeFiles/crypto_obj.dir/evp/evp_pkey.c.o
[250/517] Building C object crypto/CMakeFiles/crypto_obj.dir/evp/evp_cipher.c.o
[251/517] Building C object crypto/CMakeFiles/crypto_obj.dir/evp/evp_pbe.c.o
[252/517] Building C object crypto/CMakeFiles/crypto_obj.dir/evp/m_md4.c.o
[253/517] Building C object crypto/CMakeFiles/crypto_obj.dir/evp/m_md5_sha1.c.o
[254/517] Building C object crypto/CMakeFiles/crypto_obj.dir/evp/evp_names.c.o
[255/517] Building C object crypto/CMakeFiles/crypto_obj.dir/evp/m_md5.c.o
[256/517] Building C object crypto/CMakeFiles/crypto_obj.dir/evp/m_ripemd.c.o
[257/517] Building C object crypto/CMakeFiles/crypto_obj.dir/evp/p_verify.c.o
[258/517] Building C object crypto/CMakeFiles/crypto_obj.dir/evp/p_legacy.c.o
[259/517] Building C object crypto/CMakeFiles/crypto_obj.dir/evp/m_sha3.c.o
[260/517] Building C object crypto/CMakeFiles/crypto_obj.dir/evp/e_aes.c.o
[261/517] Building C object crypto/CMakeFiles/crypto_obj.dir/evp/m_sm3.c.o
[262/517] Building C object crypto/CMakeFiles/crypto_obj.dir/evp/p_lib.c.o
[263/517] Building C object crypto/CMakeFiles/crypto_obj.dir/evp/p_sign.c.o
[264/517] Building C object crypto/CMakeFiles/crypto_obj.dir/evp/pmeth_gn.c.o
[265/517] Building C object crypto/CMakeFiles/crypto_obj.dir/hkdf/hkdf.c.o
[266/517] Building C object crypto/CMakeFiles/crypto_obj.dir/kdf/kdf_err.c.o
[267/517] Building C object crypto/CMakeFiles/crypto_obj.dir/evp/m_sha1.c.o
[268/517] Building C object crypto/CMakeFiles/crypto_obj.dir/evp/pmeth_fn.c.o
[269/517] Building C object crypto/CMakeFiles/crypto_obj.dir/hmac/hm_ameth.c.o
[270/517] Building C object crypto/CMakeFiles/crypto_obj.dir/kdf/hkdf_evp.c.o
[271/517] Building C object crypto/CMakeFiles/crypto_obj.dir/evp/m_sigver.c.o
[272/517] Building C object crypto/CMakeFiles/crypto_obj.dir/idea/idea.c.o
[273/517] Building C object crypto/CMakeFiles/crypto_obj.dir/evp/pmeth_lib.c.o
[274/517] Building C object crypto/CMakeFiles/crypto_obj.dir/lhash/lhash.c.o
[275/517] Building C object crypto/CMakeFiles/crypto_obj.dir/md4/md4.c.o
[276/517] Building C object crypto/CMakeFiles/crypto_obj.dir/modes/cbc128.c.o
[277/517] Building C object crypto/CMakeFiles/crypto_obj.dir/modes/cfb128.c.o
[278/517] Building C object crypto/CMakeFiles/crypto_obj.dir/kdf/tls1_prf.c.o
[279/517] Building C object crypto/CMakeFiles/crypto_obj.dir/objects/obj_err.c.o
[280/517] Building C object crypto/CMakeFiles/crypto_obj.dir/modes/ofb128.c.o
[281/517] Building C object crypto/CMakeFiles/crypto_obj.dir/modes/ctr128.c.o
[282/517] Building C object crypto/CMakeFiles/crypto_obj.dir/hmac/hmac.c.o
[283/517] Building C object crypto/CMakeFiles/crypto_obj.dir/modes/xts128.c.o
[284/517] Building C object crypto/CMakeFiles/crypto_obj.dir/mlkem/mlkem768.c.o
[285/517] Building C object crypto/CMakeFiles/crypto_obj.dir/objects/obj_xref.c.o
[286/517] Building C object crypto/CMakeFiles/crypto_obj.dir/hmac/hm_pmeth.c.o
[287/517] Building C object crypto/CMakeFiles/crypto_obj.dir/md5/md5.c.o
[288/517] Building C object crypto/CMakeFiles/crypto_obj.dir/objects/obj_lib.c.o
[289/517] Building C object crypto/CMakeFiles/crypto_obj.dir/modes/gcm128.c.o
[290/517] Building C object crypto/CMakeFiles/crypto_obj.dir/mlkem/mlkem1024.c.o
[291/517] Building C object crypto/CMakeFiles/crypto_obj.dir/pem/pem_err.c.o
[292/517] Building C object crypto/CMakeFiles/crypto_obj.dir/objects/obj_dat.c.o
[293/517] Building C object crypto/CMakeFiles/crypto_obj.dir/pem/pem_oth.c.o
[294/517] Building C object crypto/CMakeFiles/crypto_obj.dir/modes/ccm128.c.o
[295/517] Building C object crypto/CMakeFiles/crypto_obj.dir/ocsp/ocsp_ext.c.o
[296/517] Building C object crypto/CMakeFiles/crypto_obj.dir/ocsp/ocsp_vfy.c.o
[297/517] Building C object crypto/CMakeFiles/crypto_obj.dir/ocsp/ocsp_err.c.o
[298/517] Building C object crypto/CMakeFiles/crypto_obj.dir/ocsp/ocsp_cl.c.o
[299/517] Building C object crypto/CMakeFiles/crypto_obj.dir/ocsp/ocsp_lib.c.o
[300/517] Building C object crypto/CMakeFiles/crypto_obj.dir/ocsp/ocsp_ht.c.o
[301/517] Building C object crypto/CMakeFiles/crypto_obj.dir/ocsp/ocsp_asn.c.o
[302/517] Building C object crypto/CMakeFiles/crypto_obj.dir/pem/pem_info.c.o
[303/517] Building C object crypto/CMakeFiles/crypto_obj.dir/ocsp/ocsp_srv.c.o
[304/517] Building C object crypto/CMakeFiles/crypto_obj.dir/pem/pem_pkey.c.o
[305/517] Building C object crypto/CMakeFiles/crypto_obj.dir/ocsp/ocsp_prn.c.o
[306/517] Building C object crypto/CMakeFiles/crypto_obj.dir/pem/pem_all.c.o
[307/517] Building C object crypto/CMakeFiles/crypto_obj.dir/pem/pem_sign.c.o
[308/517] Building C object crypto/CMakeFiles/crypto_obj.dir/pem/pem_pk8.c.o
[309/517] Building C object crypto/CMakeFiles/crypto_obj.dir/pkcs12/p12_attr.c.o
[310/517] Building C object crypto/CMakeFiles/crypto_obj.dir/pkcs12/p12_add.c.o
[311/517] Building C object crypto/CMakeFiles/crypto_obj.dir/pkcs12/p12_crt.c.o
[312/517] Building C object crypto/CMakeFiles/crypto_obj.dir/pkcs12/p12_asn.c.o
[313/517] Building C object crypto/CMakeFiles/crypto_obj.dir/pem/pem_x509.c.o
[314/517] Building C object crypto/CMakeFiles/crypto_obj.dir/pkcs12/p12_init.c.o
[315/517] Building C object crypto/CMakeFiles/crypto_obj.dir/pem/pvkfmt.c.o
[316/517] Building C object crypto/CMakeFiles/crypto_obj.dir/pkcs12/p12_decr.c.o
[317/517] Building C object crypto/CMakeFiles/crypto_obj.dir/pkcs12/p12_p8d.c.o
[318/517] Building C object crypto/CMakeFiles/crypto_obj.dir/pkcs12/p12_npas.c.o
[319/517] Building C object crypto/CMakeFiles/crypto_obj.dir/pkcs12/p12_kiss.c.o
[320/517] Building C object crypto/CMakeFiles/crypto_obj.dir/pkcs12/p12_key.c.o
[321/517] Building C object crypto/CMakeFiles/crypto_obj.dir/rand/rand_err.c.o
[322/517] Building C object crypto/CMakeFiles/crypto_obj.dir/pem/pem_xaux.c.o
[323/517] Building C object crypto/CMakeFiles/crypto_obj.dir/pkcs7/pkcs7err.c.o
[324/517] Building C object crypto/CMakeFiles/crypto_obj.dir/rc2/rc2_ecb.c.o
[325/517] Building C object crypto/CMakeFiles/crypto_obj.dir/pkcs12/p12_mutl.c.o
[326/517] Building C object crypto/CMakeFiles/crypto_obj.dir/poly1305/poly1305.c.o
[327/517] Building C object crypto/CMakeFiles/crypto_obj.dir/pkcs12/p12_utl.c.o
[328/517] Building C object crypto/CMakeFiles/crypto_obj.dir/pkcs12/p12_p8e.c.o
[329/517] Building C object crypto/CMakeFiles/crypto_obj.dir/pem/pem_lib.c.o
[330/517] Building C object crypto/CMakeFiles/crypto_obj.dir/pkcs7/pk7_attr.c.o
[331/517] Building C object crypto/CMakeFiles/crypto_obj.dir/rand/rand_lib.c.o
[332/517] Building C object crypto/CMakeFiles/crypto_obj.dir/rc2/rc2ofb64.c.o
[333/517] Building C object crypto/CMakeFiles/crypto_obj.dir/pkcs7/pk7_asn1.c.o
[334/517] Building C object crypto/CMakeFiles/crypto_obj.dir/rand/randfile.c.o
[335/517] Building C object crypto/CMakeFiles/crypto_obj.dir/pkcs12/pk12err.c.o
[336/517] Building C object crypto/CMakeFiles/crypto_obj.dir/rc2/rc2_cbc.c.o
[337/517] Building C object crypto/CMakeFiles/crypto_obj.dir/rc2/rc2cfb64.c.o
[338/517] Building C object crypto/CMakeFiles/crypto_obj.dir/rc4/rc4.c.o
[339/517] Building C object crypto/CMakeFiles/crypto_obj.dir/pkcs7/pk7_lib.c.o
[340/517] Building C object crypto/CMakeFiles/crypto_obj.dir/pkcs7/pk7_mime.c.o
[341/517] Building C object crypto/CMakeFiles/crypto_obj.dir/pkcs12/p12_sbag.c.o
[342/517] Building C object crypto/CMakeFiles/crypto_obj.dir/rsa/rsa_err.c.o
[343/517] Building C object crypto/CMakeFiles/crypto_obj.dir/rsa/rsa_none.c.o
[344/517] Building C object crypto/CMakeFiles/crypto_obj.dir/pkcs7/pk7_smime.c.o
[345/517] Building C object crypto/CMakeFiles/crypto_obj.dir/rsa/rsa_gen.c.o
[346/517] Building C object crypto/CMakeFiles/crypto_obj.dir/rc2/rc2_skey.c.o
[347/517] Building C object crypto/CMakeFiles/crypto_obj.dir/rsa/rsa_chk.c.o
[348/517] Building C object crypto/CMakeFiles/crypto_obj.dir/rsa/rsa_pk1.c.o
[349/517] Building C object crypto/CMakeFiles/crypto_obj.dir/rsa/rsa_asn1.c.o
[350/517] Building C object crypto/CMakeFiles/crypto_obj.dir/rsa/rsa_meth.c.o
[351/517] Building C object crypto/CMakeFiles/crypto_obj.dir/rsa/rsa_eay.c.o
[352/517] Building C object crypto/CMakeFiles/crypto_obj.dir/rsa/rsa_blinding.c.o
[353/517] Building C object crypto/CMakeFiles/crypto_obj.dir/pkcs7/pk7_doit.c.o
[354/517] Building C object crypto/CMakeFiles/crypto_obj.dir/rsa/rsa_prn.c.o
[355/517] Building C object crypto/CMakeFiles/crypto_obj.dir/sha/sha3.c.o
[356/517] Building C object crypto/CMakeFiles/crypto_obj.dir/rsa/rsa_oaep.c.o
[357/517] Building C object crypto/CMakeFiles/crypto_obj.dir/rsa/rsa_x931.c.o
[358/517] Building C object crypto/CMakeFiles/crypto_obj.dir/sha/sha256.c.o
[359/517] Building C object crypto/CMakeFiles/crypto_obj.dir/sha/sha1.c.o
[360/517] Building C object crypto/CMakeFiles/crypto_obj.dir/rsa/rsa_pss.c.o
[361/517] Building C object crypto/CMakeFiles/crypto_obj.dir/sha/sha512.c.o
[362/517] Building C object crypto/CMakeFiles/crypto_obj.dir/rsa/rsa_pmeth.c.o
[363/517] Building C object crypto/CMakeFiles/crypto_obj.dir/ripemd/ripemd.c.o
[364/517] Building C object crypto/CMakeFiles/crypto_obj.dir/rsa/rsa_sign.c.o
[365/517] Building C object crypto/CMakeFiles/crypto_obj.dir/rsa/rsa_lib.c.o
[366/517] Building C object crypto/CMakeFiles/crypto_obj.dir/rsa/rsa_saos.c.o
[367/517] Building C object crypto/CMakeFiles/crypto_obj.dir/ts/ts_req_utils.c.o
[368/517] Building C object crypto/CMakeFiles/crypto_obj.dir/ui/ui_err.c.o
[369/517] Building C object crypto/CMakeFiles/crypto_obj.dir/stack/stack.c.o
[370/517] Building C object crypto/CMakeFiles/crypto_obj.dir/sm4/sm4.c.o
[371/517] Building C object crypto/CMakeFiles/crypto_obj.dir/ui/ui_null.c.o
[372/517] Building C object crypto/CMakeFiles/crypto_obj.dir/ts/ts_lib.c.o
[373/517] Building C object crypto/CMakeFiles/crypto_obj.dir/rsa/rsa_ameth.c.o
[374/517] Building C object crypto/CMakeFiles/crypto_obj.dir/ts/ts_conf.c.o
[375/517] Building C object crypto/CMakeFiles/crypto_obj.dir/ts/ts_err.c.o
[376/517] Building C object crypto/CMakeFiles/crypto_obj.dir/ts/ts_rsp_utils.c.o
[377/517] Building C object crypto/CMakeFiles/crypto_obj.dir/ts/ts_verify_ctx.c.o
[378/517] Building C object crypto/CMakeFiles/crypto_obj.dir/txt_db/txt_db.c.o
[379/517] Building C object crypto/CMakeFiles/crypto_obj.dir/ts/ts_req_print.c.o
[380/517] Building C object crypto/CMakeFiles/crypto_obj.dir/ts/ts_rsp_verify.c.o
[381/517] Building C object crypto/CMakeFiles/crypto_obj.dir/x509/x509_akey.c.o
[382/517] Building C object crypto/CMakeFiles/crypto_obj.dir/ts/ts_rsp_print.c.o
[383/517] Building C object crypto/CMakeFiles/crypto_obj.dir/x509/by_file.c.o
[384/517] Building C object crypto/CMakeFiles/crypto_obj.dir/x509/by_mem.c.o
[385/517] Building C object crypto/CMakeFiles/crypto_obj.dir/ts/ts_asn1.c.o
[386/517] Building C object crypto/CMakeFiles/crypto_obj.dir/x509/x509_akeya.c.o
[387/517] Building C object crypto/CMakeFiles/crypto_obj.dir/ui/ui_lib.c.o
[388/517] Building C object crypto/CMakeFiles/crypto_obj.dir/ts/ts_rsp_sign.c.o
[389/517] Building C object crypto/CMakeFiles/crypto_obj.dir/sm3/sm3.c.o
[390/517] Building C object crypto/CMakeFiles/crypto_obj.dir/x509/x509_bcons.c.o
[391/517] Building C object crypto/CMakeFiles/crypto_obj.dir/x509/by_dir.c.o
[392/517] Building C object crypto/CMakeFiles/crypto_obj.dir/x509/x509_def.c.o
[393/517] Building C object crypto/CMakeFiles/crypto_obj.dir/x509/x509_bitst.c.o
[394/517] Building C object crypto/CMakeFiles/crypto_obj.dir/x509/x509_d2.c.o
[395/517] Building C object crypto/CMakeFiles/crypto_obj.dir/x509/x509_asid.c.o
[396/517] Building C object crypto/CMakeFiles/crypto_obj.dir/x509/x509_att.c.o
[397/517] Building C object crypto/CMakeFiles/crypto_obj.dir/x509/x509_alt.c.o
/home/jlind/dev/vio/3rdparty/libressl-4.1.0/crypto/x509/x509_alt.c: In function ‘do_othername’:
/home/jlind/dev/vio/3rdparty/libressl-4.1.0/crypto/x509/x509_alt.c:753:17: warning: assignment discards ‘const’ qualifier from pointer target type [-Wdiscarded-qualifiers]
  753 |         if (!(p = strchr(value, ';')))
      |                 ^
[398/517] Building C object crypto/CMakeFiles/crypto_obj.dir/x509/x509_cmp.c.o
[399/517] Building C object crypto/CMakeFiles/crypto_obj.dir/x509/x509_addr.c.o
[400/517] Building C object crypto/CMakeFiles/crypto_obj.dir/x509/x509_extku.c.o
[401/517] Building C object crypto/CMakeFiles/crypto_obj.dir/x509/x509_err.c.o
[402/517] Building C object crypto/CMakeFiles/crypto_obj.dir/x509/x509_conf.c.o
[403/517] Building C object crypto/CMakeFiles/crypto_obj.dir/x509/x509_ext.c.o
[404/517] Building C object crypto/CMakeFiles/crypto_obj.dir/x509/x509_ia5.c.o
[405/517] Building C object crypto/CMakeFiles/crypto_obj.dir/x509/x509_cpols.c.o
[406/517] Building C object crypto/CMakeFiles/crypto_obj.dir/x509/x509_ocsp.c.o
[407/517] Building C object crypto/CMakeFiles/crypto_obj.dir/x509/x509_obj.c.o
[408/517] Building C object crypto/CMakeFiles/crypto_obj.dir/x509/x509_info.c.o
[409/517] Building C object crypto/CMakeFiles/crypto_obj.dir/x509/x509_ncons.c.o
[410/517] Building C object crypto/CMakeFiles/crypto_obj.dir/x509/x509_constraints.c.o
[411/517] Building C object crypto/CMakeFiles/crypto_obj.dir/x509/x509_crld.c.o
[412/517] Building C object crypto/CMakeFiles/crypto_obj.dir/x509/x509_prn.c.o
[413/517] Building C object crypto/CMakeFiles/crypto_obj.dir/x509/x509_pku.c.o
[414/517] Building C object crypto/CMakeFiles/crypto_obj.dir/x509/x509_issuer_cache.c.o
[415/517] Building C object crypto/CMakeFiles/crypto_obj.dir/x509/x509_pmaps.c.o
[416/517] Building C object crypto/CMakeFiles/crypto_obj.dir/x509/x509_pcons.c.o
[417/517] Building C object crypto/CMakeFiles/crypto_obj.dir/x509/x509_r2x.c.o
[418/517] Building C object crypto/CMakeFiles/crypto_obj.dir/x509/x509_purp.c.o
[419/517] Building C object crypto/CMakeFiles/crypto_obj.dir/x509/x509_skey.c.o
[420/517] Building C object crypto/CMakeFiles/crypto_obj.dir/x509/x509_trs.c.o
[421/517] Building C object crypto/CMakeFiles/crypto_obj.dir/x509/x509_txt.c.o
[422/517] Building C object crypto/CMakeFiles/crypto_obj.dir/x509/x509_int.c.o
[423/517] Building C object crypto/CMakeFiles/crypto_obj.dir/x509/x509_req.c.o
[424/517] Building C object crypto/CMakeFiles/crypto_obj.dir/x509/x509_lib.c.o
[425/517] Building C object crypto/CMakeFiles/crypto_obj.dir/x509/x509_set.c.o
[426/517] Building C object crypto/CMakeFiles/crypto_obj.dir/x509/x509_siginfo.c.o
[427/517] Building C object crypto/CMakeFiles/crypto_obj.dir/x509/x509cset.c.o
[428/517] Building C object crypto/CMakeFiles/crypto_obj.dir/x509/x509_genn.c.o
[429/517] Building C object crypto/CMakeFiles/crypto_obj.dir/x509/x509_policy.c.o
[430/517] Building C object crypto/CMakeFiles/crypto_obj.dir/crypto_lock.c.o
[431/517] Building C object crypto/CMakeFiles/crypto_obj.dir/x509/x509_v3.c.o
[432/517] Building C object crypto/CMakeFiles/crypto.dir/empty.c.o
[433/517] Building C object crypto/CMakeFiles/crypto_obj.dir/x509/x509_vpm.c.o
[434/517] Building C object crypto/CMakeFiles/crypto_obj.dir/x509/x509spki.c.o
[435/517] Building C object crypto/CMakeFiles/crypto_obj.dir/x509/x509type.c.o
[436/517] Building C object crypto/CMakeFiles/crypto_obj.dir/bio/bss_log.c.o
[437/517] Building C object crypto/CMakeFiles/crypto_obj.dir/x509/x509rset.c.o
[438/517] Building C object crypto/CMakeFiles/crypto_obj.dir/x509/x_all.c.o
[439/517] Building C object crypto/CMakeFiles/crypto_obj.dir/x509/x509_lu.c.o
[440/517] Building C object crypto/CMakeFiles/crypto_obj.dir/x509/x509name.c.o
[441/517] Building C object crypto/CMakeFiles/crypto_obj.dir/bio/b_posix.c.o
[442/517] Building C object crypto/CMakeFiles/crypto_obj.dir/ui/ui_openssl.c.o
[443/517] Building C object ssl/CMakeFiles/ssl_obj.dir/pqueue.c.o
[444/517] Building C object crypto/CMakeFiles/crypto_obj.dir/x509/x509_utl.c.o
/home/jlind/dev/vio/3rdparty/libressl-4.1.0/crypto/x509/x509_utl.c: In function ‘a2i_IPADDRESS_NC’:
/home/jlind/dev/vio/3rdparty/libressl-4.1.0/crypto/x509/x509_utl.c:1242:11: warning: assignment discards ‘const’ qualifier from pointer target type [-Wdiscarded-qualifiers]
 1242 |         p = strchr(ipasc, '/');
      |           ^
[445/517] Building C object crypto/CMakeFiles/crypto_obj.dir/x509/x509_verify.c.o
[446/517] Building C object ssl/CMakeFiles/ssl_obj.dir/ssl_asn1.c.o
[447/517] Building C object ssl/CMakeFiles/ssl_obj.dir/s3_cbc.c.o
[448/517] Building C object ssl/CMakeFiles/ssl_obj.dir/bio_ssl.c.o
[449/517] Building C object ssl/CMakeFiles/ssl_obj.dir/d1_lib.c.o
[450/517] Building C object ssl/CMakeFiles/ssl_obj.dir/d1_srtp.c.o
/home/jlind/dev/vio/3rdparty/libressl-4.1.0/ssl/d1_srtp.c: In function ‘ssl_ctx_make_profiles’:
/home/jlind/dev/vio/3rdparty/libressl-4.1.0/ssl/d1_srtp.c:203:21: warning: assignment discards ‘const’ qualifier from pointer target type [-Wdiscarded-qualifiers]
  203 |                 col = strchr(ptr, ':');
      |                     ^
[451/517] Building C object ssl/CMakeFiles/ssl_obj.dir/d1_pkt.c.o
[452/517] Building C object ssl/CMakeFiles/ssl_obj.dir/d1_both.c.o
[453/517] Building C object ssl/CMakeFiles/ssl_obj.dir/ssl_init.c.o
[454/517] Building C object ssl/CMakeFiles/ssl_obj.dir/ssl_ciphers.c.o
[455/517] Building C object crypto/CMakeFiles/crypto_obj.dir/x509/x509_vfy.c.o
[456/517] Building C object ssl/CMakeFiles/ssl_obj.dir/ssl_ciph.c.o
[457/517] Building C object ssl/CMakeFiles/ssl_obj.dir/s3_lib.c.o
[458/517] Building C object ssl/CMakeFiles/ssl_obj.dir/ssl_kex.c.o
[459/517] Building C object ssl/CMakeFiles/ssl_obj.dir/ssl_methods.c.o
[460/517] Building C object ssl/CMakeFiles/ssl_obj.dir/ssl_stat.c.o
[461/517] Building C object ssl/CMakeFiles/ssl_obj.dir/ssl_both.c.o
[462/517] Building C object ssl/CMakeFiles/ssl_obj.dir/ssl_seclevel.c.o
[463/517] Building C object ssl/CMakeFiles/ssl_obj.dir/ssl_err.c.o
[464/517] Building C object ssl/CMakeFiles/ssl_obj.dir/ssl_packet.c.o
[465/517] Building C object ssl/CMakeFiles/ssl_obj.dir/ssl_sigalgs.c.o
[466/517] Building C object ssl/CMakeFiles/ssl_obj.dir/ssl_cert.c.o
[467/517] Building C object ssl/CMakeFiles/ssl_obj.dir/ssl_txt.c.o
[468/517] Building C object ssl/CMakeFiles/ssl_obj.dir/ssl_rsa.c.o
[469/517] Building C object ssl/CMakeFiles/ssl_obj.dir/ssl_pkt.c.o
[470/517] Building C object ssl/CMakeFiles/ssl_obj.dir/ssl_transcript.c.o
[471/517] Building C object ssl/CMakeFiles/ssl_obj.dir/t1_enc.c.o
[472/517] Building C object ssl/CMakeFiles/ssl_obj.dir/ssl_versions.c.o
[473/517] Building C object ssl/CMakeFiles/ssl_obj.dir/ssl_sess.c.o
[474/517] Building C object ssl/CMakeFiles/ssl_obj.dir/ssl_clnt.c.o
[475/517] Building C object ssl/CMakeFiles/ssl_obj.dir/tls_content.c.o
[476/517] Building C object ssl/CMakeFiles/ssl_obj.dir/tls_buffer.c.o
[477/517] Building C object ssl/CMakeFiles/ssl_obj.dir/t1_lib.c.o
[478/517] Building C object ssl/CMakeFiles/ssl_obj.dir/tls12_key_schedule.c.o
[479/517] Building C object ssl/CMakeFiles/ssl.dir/empty.c.o
[480/517] Building C object tls/CMakeFiles/tls_compat_obj.dir/empty.c.o
[481/517] Building C object ssl/CMakeFiles/ssl_obj.dir/tls12_lib.c.o
[482/517] Building C object ssl/CMakeFiles/ssl_obj.dir/tls13_error.c.o
[483/517] Building C object ssl/CMakeFiles/ssl_obj.dir/ssl_srvr.c.o
[484/517] Building C object ssl/CMakeFiles/ssl_obj.dir/tls_key_share.c.o
[485/517] Building C object ssl/CMakeFiles/ssl_obj.dir/tls13_record.c.o
[486/517] Building C object ssl/CMakeFiles/ssl_obj.dir/tls13_handshake_msg.c.o
[487/517] Building C object ssl/CMakeFiles/ssl_obj.dir/tls13_handshake.c.o
[488/517] Building C object ssl/CMakeFiles/ssl_obj.dir/tls_lib.c.o
[489/517] Building C object ssl/CMakeFiles/ssl_obj.dir/tls13_key_schedule.c.o
[490/517] Building C object ssl/CMakeFiles/ssl_obj.dir/tls13_quic.c.o
[491/517] Building C object ssl/CMakeFiles/ssl_obj.dir/tls13_record_layer.c.o
[492/517] Building C object tls/CMakeFiles/tls.dir/empty.c.o
[493/517] Building C object ssl/CMakeFiles/ssl_obj.dir/tls13_legacy.c.o
[494/517] Building C object ssl/CMakeFiles/ssl_obj.dir/ssl_tlsext.c.o
[495/517] Building C object ssl/CMakeFiles/ssl_obj.dir/tls13_lib.c.o
[496/517] Building C object tls/CMakeFiles/tls_obj.dir/tls_client.c.o
[497/517] Building C object ssl/CMakeFiles/bs_obj.dir/bs_ber.c.o
[498/517] Building C object ssl/CMakeFiles/ssl_obj.dir/tls12_record_layer.c.o
[499/517] Building C object ssl/CMakeFiles/ssl_obj.dir/ssl_lib.c.o
[500/517] Building C object tls/CMakeFiles/tls_obj.dir/tls_bio_cb.c.o
[501/517] Building C object tls/CMakeFiles/tls_obj.dir/tls_signer.c.o
[502/517] Building C object tls/CMakeFiles/tls_obj.dir/tls_keypair.c.o
[503/517] Building C object ssl/CMakeFiles/bs_obj.dir/bs_cbb.c.o
[504/517] Building C object tls/CMakeFiles/tls_obj.dir/tls_conninfo.c.o
[505/517] Building C object tls/CMakeFiles/tls_obj.dir/tls.c.o
[506/517] Building C object tls/CMakeFiles/tls_obj.dir/tls_verify.c.o
[507/517] Building C object tls/CMakeFiles/tls_obj.dir/tls_peer.c.o
[508/517] Building C object ssl/CMakeFiles/ssl_obj.dir/tls13_server.c.o
[509/517] Linking C static library crypto/libcrypto.a
[510/517] Building C object ssl/CMakeFiles/ssl_obj.dir/tls13_client.c.o
[511/517] Building C object tls/CMakeFiles/tls_obj.dir/tls_server.c.o
[512/517] Building C object tls/CMakeFiles/tls_obj.dir/tls_util.c.o
[513/517] Building C object ssl/CMakeFiles/bs_obj.dir/bs_cbs.c.o
[514/517] Building C object tls/CMakeFiles/tls_obj.dir/tls_ocsp.c.o
[515/517] Building C object tls/CMakeFiles/tls_obj.dir/tls_config.c.o
[516/517] Linking C static library ssl/libssl.a
[517/517] Linking C static library tls/libtls.a
